{"/home/travis/build/npmtest/node-npmtest-react-autosuggest/test.js":{"path":"/home/travis/build/npmtest/node-npmtest-react-autosuggest/test.js","s":{"1":2,"2":2,"3":2,"4":2,"5":2,"6":2,"7":2,"8":1,"9":2,"10":2,"11":1,"12":1,"13":1,"14":1,"15":2,"16":2,"17":2,"18":2,"19":1,"20":1,"21":2,"22":2,"23":2,"24":1,"25":1,"26":1,"27":1,"28":1,"29":1,"30":1,"31":1,"32":1,"33":1,"34":1,"35":1,"36":1,"37":1,"38":1,"39":2,"40":2,"41":1,"42":2,"43":2,"44":1,"45":2,"46":2,"47":1,"48":2,"49":2,"50":1,"51":1,"52":1,"53":1,"54":1},"b":{"1":[2,1,1,1],"2":[1,1,1,1],"3":[1,1],"4":[1,1],"5":[1,1],"6":[1,1],"7":[1,1],"8":[1,1],"9":[1,1],"10":[1,1,1],"11":[1,1],"12":[1,1],"13":[1,1],"14":[1,1],"15":[1,1],"16":[1,1],"17":[1,1]},"f":{"1":2,"2":2,"3":2,"4":2,"5":2,"6":1,"7":1,"8":1,"9":2,"10":2,"11":2,"12":2,"13":1},"fnMap":{"1":{"name":"(anonymous_1)","line":12,"loc":{"start":{"line":12,"column":1},"end":{"line":12,"column":13}}},"2":{"name":"(anonymous_2)","line":19,"loc":{"start":{"line":19,"column":5},"end":{"line":19,"column":17}}},"3":{"name":"(anonymous_3)","line":23,"loc":{"start":{"line":23,"column":24},"end":{"line":23,"column":36}}},"4":{"name":"(anonymous_4)","line":61,"loc":{"start":{"line":61,"column":5},"end":{"line":61,"column":17}}},"5":{"name":"(anonymous_5)","line":82,"loc":{"start":{"line":82,"column":5},"end":{"line":82,"column":17}}},"6":{"name":"(anonymous_6)","line":91,"loc":{"start":{"line":91,"column":77},"end":{"line":94,"column":10}}},"7":{"name":"(anonymous_7)","line":112,"loc":{"start":{"line":112,"column":83},"end":{"line":115,"column":10}},"skip":true},"8":{"name":"(anonymous_8)","line":123,"loc":{"start":{"line":123,"column":77},"end":{"line":126,"column":10}},"skip":true},"9":{"name":"(anonymous_9)","line":139,"loc":{"start":{"line":139,"column":12},"end":{"line":139,"column":40}},"skip":true},"10":{"name":"(anonymous_10)","line":147,"loc":{"start":{"line":147,"column":77},"end":{"line":150,"column":10}},"skip":true},"11":{"name":"(anonymous_11)","line":158,"loc":{"start":{"line":158,"column":83},"end":{"line":161,"column":10}},"skip":true},"12":{"name":"(anonymous_12)","line":169,"loc":{"start":{"line":169,"column":79},"end":{"line":172,"column":10}},"skip":true},"13":{"name":"(anonymous_13)","line":180,"loc":{"start":{"line":180,"column":75},"end":{"line":183,"column":10}},"skip":true}},"statementMap":{"1":{"start":{"line":12,"column":0},"end":{"line":195,"column":5}},"2":{"start":{"line":14,"column":4},"end":{"line":14,"column":14}},"3":{"start":{"line":19,"column":4},"end":{"line":56,"column":9}},"4":{"start":{"line":21,"column":8},"end":{"line":21,"column":19}},"5":{"start":{"line":23,"column":8},"end":{"line":35,"column":13}},"6":{"start":{"line":24,"column":12},"end":{"line":34,"column":13}},"7":{"start":{"line":25,"column":16},"end":{"line":28,"column":30}},"8":{"start":{"line":30,"column":16},"end":{"line":33,"column":27}},"9":{"start":{"line":37,"column":8},"end":{"line":39,"column":21}},"10":{"start":{"line":40,"column":8},"end":{"line":53,"column":9}},"11":{"start":{"line":43,"column":12},"end":{"line":46,"column":14}},"12":{"start":{"line":47,"column":12},"end":{"line":47,"column":18}},"13":{"start":{"line":50,"column":12},"end":{"line":51,"column":33}},"14":{"start":{"line":52,"column":12},"end":{"line":52,"column":18}},"15":{"start":{"line":55,"column":8},"end":{"line":55,"column":35}},"16":{"start":{"line":61,"column":4},"end":{"line":63,"column":9}},"17":{"start":{"line":62,"column":8},"end":{"line":62,"column":15}},"18":{"start":{"line":64,"column":4},"end":{"line":77,"column":5}},"19":{"start":{"line":70,"column":8},"end":{"line":70,"column":14}},"20":{"start":{"line":76,"column":8},"end":{"line":76,"column":14}},"21":{"start":{"line":82,"column":4},"end":{"line":84,"column":9}},"22":{"start":{"line":83,"column":8},"end":{"line":83,"column":15}},"23":{"start":{"line":85,"column":4},"end":{"line":194,"column":5}},"24":{"start":{"line":91,"column":8},"end":{"line":99,"column":10}},"25":{"start":{"line":98,"column":12},"end":{"line":98,"column":35}},"26":{"start":{"line":102,"column":8},"end":{"line":104,"column":63}},"27":{"start":{"line":105,"column":8},"end":{"line":105,"column":14}},"28":{"start":{"line":112,"column":8},"end":{"line":121,"column":10},"skip":true},"29":{"start":{"line":119,"column":12},"end":{"line":119,"column":55},"skip":true},"30":{"start":{"line":120,"column":12},"end":{"line":120,"column":48},"skip":true},"31":{"start":{"line":123,"column":8},"end":{"line":136,"column":10},"skip":true},"32":{"start":{"line":130,"column":12},"end":{"line":130,"column":76},"skip":true},"33":{"start":{"line":131,"column":12},"end":{"line":131,"column":73},"skip":true},"34":{"start":{"line":132,"column":12},"end":{"line":132,"column":74},"skip":true},"35":{"start":{"line":133,"column":12},"end":{"line":133,"column":79},"skip":true},"36":{"start":{"line":134,"column":12},"end":{"line":134,"column":25},"skip":true},"37":{"start":{"line":135,"column":12},"end":{"line":135,"column":45},"skip":true},"38":{"start":{"line":138,"column":8},"end":{"line":145,"column":14},"skip":true},"39":{"start":{"line":143,"column":16},"end":{"line":143,"column":29},"skip":true},"40":{"start":{"line":144,"column":16},"end":{"line":144,"column":55},"skip":true},"41":{"start":{"line":147,"column":8},"end":{"line":156,"column":10},"skip":true},"42":{"start":{"line":154,"column":12},"end":{"line":154,"column":25},"skip":true},"43":{"start":{"line":155,"column":12},"end":{"line":155,"column":45},"skip":true},"44":{"start":{"line":158,"column":8},"end":{"line":167,"column":10},"skip":true},"45":{"start":{"line":165,"column":12},"end":{"line":165,"column":25},"skip":true},"46":{"start":{"line":166,"column":12},"end":{"line":166,"column":48},"skip":true},"47":{"start":{"line":169,"column":8},"end":{"line":178,"column":10},"skip":true},"48":{"start":{"line":176,"column":12},"end":{"line":176,"column":25},"skip":true},"49":{"start":{"line":177,"column":12},"end":{"line":177,"column":46},"skip":true},"50":{"start":{"line":180,"column":8},"end":{"line":189,"column":10},"skip":true},"51":{"start":{"line":187,"column":12},"end":{"line":187,"column":94},"skip":true},"52":{"start":{"line":188,"column":12},"end":{"line":188,"column":48},"skip":true},"53":{"start":{"line":192,"column":8},"end":{"line":192,"column":35},"skip":true},"54":{"start":{"line":193,"column":8},"end":{"line":193,"column":14},"skip":true}},"branchMap":{"1":{"line":25,"type":"binary-expr","locations":[{"start":{"line":25,"column":23},"end":{"line":25,"column":62}},{"start":{"line":26,"column":20},"end":{"line":26,"column":70}},{"start":{"line":27,"column":20},"end":{"line":27,"column":71}},{"start":{"line":28,"column":20},"end":{"line":28,"column":29}}]},"2":{"line":30,"type":"binary-expr","locations":[{"start":{"line":30,"column":23},"end":{"line":30,"column":37}},{"start":{"line":31,"column":20},"end":{"line":31,"column":61}},{"start":{"line":32,"column":20},"end":{"line":32,"column":70}},{"start":{"line":33,"column":20},"end":{"line":33,"column":26}}]},"3":{"line":37,"type":"cond-expr","locations":[{"start":{"line":38,"column":14},"end":{"line":38,"column":20}},{"start":{"line":39,"column":14},"end":{"line":39,"column":20}}]},"4":{"line":40,"type":"switch","locations":[{"start":{"line":42,"column":8},"end":{"line":47,"column":18}},{"start":{"line":49,"column":8},"end":{"line":52,"column":18}}]},"5":{"line":44,"type":"binary-expr","locations":[{"start":{"line":44,"column":16},"end":{"line":44,"column":44}},{"start":{"line":44,"column":48},"end":{"line":44,"column":66}}]},"6":{"line":50,"type":"binary-expr","locations":[{"start":{"line":50,"column":21},"end":{"line":50,"column":49}},{"start":{"line":50,"column":53},"end":{"line":50,"column":72}}]},"7":{"line":64,"type":"switch","locations":[{"start":{"line":69,"column":4},"end":{"line":70,"column":14}},{"start":{"line":75,"column":4},"end":{"line":76,"column":14}}]},"8":{"line":85,"type":"switch","locations":[{"start":{"line":90,"column":4},"end":{"line":105,"column":14}},{"start":{"line":111,"column":4},"end":{"line":193,"column":14},"skip":true}]},"9":{"line":91,"type":"binary-expr","locations":[{"start":{"line":91,"column":42},"end":{"line":91,"column":73}},{"start":{"line":91,"column":77},"end":{"line":99,"column":9}}]},"10":{"line":102,"type":"binary-expr","locations":[{"start":{"line":102,"column":18},"end":{"line":102,"column":32}},{"start":{"line":103,"column":12},"end":{"line":103,"column":53}},{"start":{"line":104,"column":12},"end":{"line":104,"column":61}}]},"11":{"line":112,"type":"binary-expr","locations":[{"start":{"line":112,"column":45},"end":{"line":112,"column":79},"skip":true},{"start":{"line":112,"column":83},"end":{"line":121,"column":9},"skip":true}]},"12":{"line":123,"type":"binary-expr","locations":[{"start":{"line":123,"column":42},"end":{"line":123,"column":73},"skip":true},{"start":{"line":123,"column":77},"end":{"line":136,"column":9},"skip":true}]},"13":{"line":138,"type":"binary-expr","locations":[{"start":{"line":138,"column":48},"end":{"line":138,"column":85},"skip":true},{"start":{"line":139,"column":12},"end":{"line":145,"column":13},"skip":true}]},"14":{"line":147,"type":"binary-expr","locations":[{"start":{"line":147,"column":42},"end":{"line":147,"column":73},"skip":true},{"start":{"line":147,"column":77},"end":{"line":156,"column":9},"skip":true}]},"15":{"line":158,"type":"binary-expr","locations":[{"start":{"line":158,"column":45},"end":{"line":158,"column":79},"skip":true},{"start":{"line":158,"column":83},"end":{"line":167,"column":9},"skip":true}]},"16":{"line":169,"type":"binary-expr","locations":[{"start":{"line":169,"column":43},"end":{"line":169,"column":75},"skip":true},{"start":{"line":169,"column":79},"end":{"line":178,"column":9},"skip":true}]},"17":{"line":180,"type":"binary-expr","locations":[{"start":{"line":180,"column":41},"end":{"line":180,"column":71},"skip":true},{"start":{"line":180,"column":75},"end":{"line":189,"column":9},"skip":true}]}},"code":["/* istanbul instrument in package npmtest_react_autosuggest */","/*jslint","    bitwise: true,","    browser: true,","    maxerr: 8,","    maxlen: 96,","    node: true,","    nomen: true,","    regexp: true,","    stupid: true","*/","(function () {","    'use strict';","    var local;","","","","    // run shared js-env code - pre-init","    (function () {","        // init local","        local = {};","        // init modeJs","        local.modeJs = (function () {","            try {","                return typeof navigator.userAgent === 'string' &&","                    typeof document.querySelector('body') === 'object' &&","                    typeof XMLHttpRequest.prototype.open === 'function' &&","                    'browser';","            } catch (errorCaughtBrowser) {","                return module.exports &&","                    typeof process.versions.node === 'string' &&","                    typeof require('http').createServer === 'function' &&","                    'node';","            }","        }());","        // init global","        local.global = local.modeJs === 'browser'","            ? window","            : global;","        switch (local.modeJs) {","        // re-init local from window.local","        case 'browser':","            local = local.global.utility2.objectSetDefault(","                local.global.utility2_rollup || local.global.local,","                local.global.utility2","            );","            break;","        // re-init local from example.js","        case 'node':","            local = (local.global.utility2_rollup || require('utility2'))","                .requireReadme();","            break;","        }","        // export local","        local.global.local = local;","    }());","","","","    // run shared js-env code - function","    (function () {","        return;","    }());","    switch (local.modeJs) {","","","","    // run browser js-env code - function","    case 'browser':","        break;","","","","    // run node js-env code - function","    case 'node':","        break;","    }","","","","    // run shared js-env code - post-init","    (function () {","        return;","    }());","    switch (local.modeJs) {","","","","    // run browser js-env code - post-init","    case 'browser':","        local.testCase_browser_nullCase = local.testCase_browser_nullCase || function (","            options,","            onError","        ) {","        /*","         * this function will test browsers's null-case handling-behavior-behavior","         */","            onError(null, options);","        };","","        // run tests","        local.nop(local.modeTest &&","            document.querySelector('#testRunButton1') &&","            document.querySelector('#testRunButton1').click());","        break;","","","","    // run node js-env code - post-init","    /* istanbul ignore next */","    case 'node':","        local.testCase_buildApidoc_default = local.testCase_buildApidoc_default || function (","            options,","            onError","        ) {","        /*","         * this function will test buildApidoc's default handling-behavior-behavior","         */","            options = { modulePathList: module.paths };","            local.buildApidoc(options, onError);","        };","","        local.testCase_buildApp_default = local.testCase_buildApp_default || function (","            options,","            onError","        ) {","        /*","         * this function will test buildApp's default handling-behavior-behavior","         */","            local.testCase_buildReadme_default(options, local.onErrorThrow);","            local.testCase_buildLib_default(options, local.onErrorThrow);","            local.testCase_buildTest_default(options, local.onErrorThrow);","            local.testCase_buildCustomOrg_default(options, local.onErrorThrow);","            options = [];","            local.buildApp(options, onError);","        };","","        local.testCase_buildCustomOrg_default = local.testCase_buildCustomOrg_default ||","            function (options, onError) {","            /*","             * this function will test buildCustomOrg's default handling-behavior","             */","                options = {};","                local.buildCustomOrg(options, onError);","            };","","        local.testCase_buildLib_default = local.testCase_buildLib_default || function (","            options,","            onError","        ) {","        /*","         * this function will test buildLib's default handling-behavior","         */","            options = {};","            local.buildLib(options, onError);","        };","","        local.testCase_buildReadme_default = local.testCase_buildReadme_default || function (","            options,","            onError","        ) {","        /*","         * this function will test buildReadme's default handling-behavior-behavior","         */","            options = {};","            local.buildReadme(options, onError);","        };","","        local.testCase_buildTest_default = local.testCase_buildTest_default || function (","            options,","            onError","        ) {","        /*","         * this function will test buildTest's default handling-behavior","         */","            options = {};","            local.buildTest(options, onError);","        };","","        local.testCase_webpage_default = local.testCase_webpage_default || function (","            options,","            onError","        ) {","        /*","         * this function will test webpage's default handling-behavior","         */","            options = { modeCoverageMerge: true, url: local.serverLocalHost + '?modeTest=1' };","            local.browserTest(options, onError);","        };","","        // run test-server","        local.testRunServer(local);","        break;","    }","}());",""],"l":{"12":2,"14":2,"19":2,"21":2,"23":2,"24":2,"25":2,"30":1,"37":2,"40":2,"43":1,"47":1,"50":1,"52":1,"55":2,"61":2,"62":2,"64":2,"70":1,"76":1,"82":2,"83":2,"85":2,"91":1,"98":1,"102":1,"105":1,"112":1,"119":1,"120":1,"123":1,"130":1,"131":1,"132":1,"133":1,"134":1,"135":1,"138":1,"143":2,"144":2,"147":1,"154":2,"155":2,"158":1,"165":2,"166":2,"169":1,"176":2,"177":2,"180":1,"187":1,"188":1,"192":1,"193":1}},"/home/travis/build/npmtest/node-npmtest-react-autosuggest/lib.npmtest_react_autosuggest.js":{"path":"/home/travis/build/npmtest/node-npmtest-react-autosuggest/lib.npmtest_react_autosuggest.js","s":{"1":2,"2":2,"3":2,"4":2,"5":2,"6":2,"7":2,"8":1,"9":2,"10":2,"11":2,"12":2,"13":1,"14":1,"15":1,"16":1},"b":{"1":[2,1,1,1],"2":[1,1,1,1],"3":[1,1],"4":[2,2],"5":[1,1]},"f":{"1":2,"2":2,"3":2},"fnMap":{"1":{"name":"(anonymous_1)","line":12,"loc":{"start":{"line":12,"column":1},"end":{"line":12,"column":13}}},"2":{"name":"(anonymous_2)","line":19,"loc":{"start":{"line":19,"column":5},"end":{"line":19,"column":17}}},"3":{"name":"(anonymous_3)","line":23,"loc":{"start":{"line":23,"column":24},"end":{"line":23,"column":36}}}},"statementMap":{"1":{"start":{"line":12,"column":0},"end":{"line":53,"column":5}},"2":{"start":{"line":14,"column":4},"end":{"line":14,"column":14}},"3":{"start":{"line":19,"column":4},"end":{"line":52,"column":9}},"4":{"start":{"line":21,"column":8},"end":{"line":21,"column":19}},"5":{"start":{"line":23,"column":8},"end":{"line":35,"column":13}},"6":{"start":{"line":24,"column":12},"end":{"line":34,"column":13}},"7":{"start":{"line":25,"column":16},"end":{"line":28,"column":30}},"8":{"start":{"line":30,"column":16},"end":{"line":33,"column":27}},"9":{"start":{"line":37,"column":8},"end":{"line":39,"column":21}},"10":{"start":{"line":41,"column":8},"end":{"line":41,"column":54}},"11":{"start":{"line":43,"column":8},"end":{"line":43,"column":62}},"12":{"start":{"line":45,"column":8},"end":{"line":51,"column":9}},"13":{"start":{"line":46,"column":12},"end":{"line":46,"column":68}},"14":{"start":{"line":48,"column":12},"end":{"line":48,"column":35}},"15":{"start":{"line":49,"column":12},"end":{"line":49,"column":49}},"16":{"start":{"line":50,"column":12},"end":{"line":50,"column":43}}},"branchMap":{"1":{"line":25,"type":"binary-expr","locations":[{"start":{"line":25,"column":23},"end":{"line":25,"column":62}},{"start":{"line":26,"column":20},"end":{"line":26,"column":70}},{"start":{"line":27,"column":20},"end":{"line":27,"column":71}},{"start":{"line":28,"column":20},"end":{"line":28,"column":29}}]},"2":{"line":30,"type":"binary-expr","locations":[{"start":{"line":30,"column":23},"end":{"line":30,"column":37}},{"start":{"line":31,"column":20},"end":{"line":31,"column":61}},{"start":{"line":32,"column":20},"end":{"line":32,"column":70}},{"start":{"line":33,"column":20},"end":{"line":33,"column":26}}]},"3":{"line":37,"type":"cond-expr","locations":[{"start":{"line":38,"column":14},"end":{"line":38,"column":20}},{"start":{"line":39,"column":14},"end":{"line":39,"column":20}}]},"4":{"line":41,"type":"binary-expr","locations":[{"start":{"line":41,"column":16},"end":{"line":41,"column":44}},{"start":{"line":41,"column":48},"end":{"line":41,"column":53}}]},"5":{"line":45,"type":"if","locations":[{"start":{"line":45,"column":8},"end":{"line":45,"column":8}},{"start":{"line":45,"column":8},"end":{"line":45,"column":8}}]}},"code":["/* istanbul instrument in package npmtest_react_autosuggest */","/*jslint","    bitwise: true,","    browser: true,","    maxerr: 8,","    maxlen: 96,","    node: true,","    nomen: true,","    regexp: true,","    stupid: true","*/","(function () {","    'use strict';","    var local;","","","","    // run shared js-env code - pre-init","    (function () {","        // init local","        local = {};","        // init modeJs","        local.modeJs = (function () {","            try {","                return typeof navigator.userAgent === 'string' &&","                    typeof document.querySelector('body') === 'object' &&","                    typeof XMLHttpRequest.prototype.open === 'function' &&","                    'browser';","            } catch (errorCaughtBrowser) {","                return module.exports &&","                    typeof process.versions.node === 'string' &&","                    typeof require('http').createServer === 'function' &&","                    'node';","            }","        }());","        // init global","        local.global = local.modeJs === 'browser'","            ? window","            : global;","        // init utility2_rollup","        local = local.global.utility2_rollup || local;","        // init lib","        local.local = local.npmtest_react_autosuggest = local;","        // init exports","        if (local.modeJs === 'browser') {","            local.global.utility2_npmtest_react_autosuggest = local;","        } else {","            module.exports = local;","            module.exports.__dirname = __dirname;","            module.exports.module = module;","        }","    }());","}());",""],"l":{"12":2,"14":2,"19":2,"21":2,"23":2,"24":2,"25":2,"30":1,"37":2,"41":2,"43":2,"45":2,"46":1,"48":1,"49":1,"50":1}},"/home/travis/build/npmtest/node-npmtest-react-autosuggest/example.js":{"path":"/home/travis/build/npmtest/node-npmtest-react-autosuggest/example.js","s":{"1":2,"2":2,"3":2,"4":2,"5":2,"6":2,"7":2,"8":1,"9":2,"10":2,"11":2,"12":2,"13":1,"14":2,"15":2,"16":2,"17":2,"18":2,"19":0,"20":2,"21":1,"22":1,"23":1,"24":1,"25":1,"26":0,"27":0,"28":1,"29":1,"30":2,"31":0,"32":0,"33":0,"34":1,"35":2,"36":2,"37":3,"38":3,"39":3,"40":3,"41":0,"42":3,"43":3,"44":3,"45":1,"46":3,"47":1,"48":1,"49":1,"50":1,"51":1,"52":1,"53":1,"54":1,"55":1,"56":1,"57":0,"58":1,"59":6,"60":6,"61":1,"62":2,"63":0,"64":2,"65":1,"66":1,"67":0,"68":0,"69":0,"70":0,"71":0,"72":0,"73":0,"74":0,"75":0,"76":0,"77":0,"78":0,"79":0,"80":0,"81":0,"82":0,"83":0},"b":{"1":[2,1,1,1],"2":[1,1,1,1],"3":[1,1],"4":[2,2],"5":[1,1],"6":[1,1],"7":[2,0],"8":[2,1,1,1,1,1],"9":[0,2,0],"10":[1,1],"11":[2,1,1],"12":[1,0],"13":[0,2],"14":[2,0,0,0,0,0,0],"15":[0,3],"16":[3,0],"17":[1,1],"18":[0,1],"19":[1,2,0,2],"20":[1,0],"21":[1,1],"22":[0,0],"23":[0,0],"24":[0,0],"25":[0,0],"26":[0,0],"27":[0,0],"28":[0,0]},"f":{"1":2,"2":2,"3":2,"4":2,"5":2,"6":2,"7":3,"8":3,"9":3,"10":1,"11":6,"12":0},"fnMap":{"1":{"name":"(anonymous_1)","line":26,"loc":{"start":{"line":26,"column":1},"end":{"line":26,"column":13}}},"2":{"name":"(anonymous_2)","line":33,"loc":{"start":{"line":33,"column":5},"end":{"line":33,"column":17}}},"3":{"name":"(anonymous_3)","line":37,"loc":{"start":{"line":37,"column":24},"end":{"line":37,"column":36}}},"4":{"name":"(anonymous_4)","line":69,"loc":{"start":{"line":69,"column":31},"end":{"line":69,"column":48}},"skip":true},"5":{"name":"(anonymous_5)","line":78,"loc":{"start":{"line":78,"column":26},"end":{"line":78,"column":45}},"skip":true},"6":{"name":"(anonymous_6)","line":123,"loc":{"start":{"line":123,"column":33},"end":{"line":123,"column":48}},"skip":true},"7":{"name":"(anonymous_7)","line":125,"loc":{"start":{"line":125,"column":27},"end":{"line":125,"column":39}},"skip":true},"8":{"name":"(anonymous_8)","line":133,"loc":{"start":{"line":133,"column":59},"end":{"line":133,"column":74}},"skip":true},"9":{"name":"(anonymous_9)","line":143,"loc":{"start":{"line":143,"column":45},"end":{"line":143,"column":62}},"skip":true},"10":{"name":"(anonymous_10)","line":144,"loc":{"start":{"line":144,"column":73},"end":{"line":144,"column":92}},"skip":true},"11":{"name":"(anonymous_11)","line":272,"loc":{"start":{"line":272,"column":51},"end":{"line":272,"column":77}},"skip":true},"12":{"name":"(anonymous_12)","line":315,"loc":{"start":{"line":315,"column":32},"end":{"line":315,"column":61}},"skip":true}},"statementMap":{"1":{"start":{"line":26,"column":0},"end":{"line":326,"column":5}},"2":{"start":{"line":28,"column":4},"end":{"line":28,"column":14}},"3":{"start":{"line":33,"column":4},"end":{"line":60,"column":9}},"4":{"start":{"line":35,"column":8},"end":{"line":35,"column":19}},"5":{"start":{"line":37,"column":8},"end":{"line":49,"column":13}},"6":{"start":{"line":38,"column":12},"end":{"line":48,"column":13}},"7":{"start":{"line":39,"column":16},"end":{"line":42,"column":30}},"8":{"start":{"line":44,"column":16},"end":{"line":47,"column":27}},"9":{"start":{"line":51,"column":8},"end":{"line":53,"column":21}},"10":{"start":{"line":55,"column":8},"end":{"line":57,"column":45}},"11":{"start":{"line":59,"column":8},"end":{"line":59,"column":35}},"12":{"start":{"line":61,"column":4},"end":{"line":325,"column":5}},"13":{"start":{"line":69,"column":8},"end":{"line":121,"column":10},"skip":true},"14":{"start":{"line":70,"column":12},"end":{"line":88,"column":13},"skip":true},"15":{"start":{"line":76,"column":16},"end":{"line":87,"column":19},"skip":true},"16":{"start":{"line":79,"column":20},"end":{"line":86,"column":21},"skip":true},"17":{"start":{"line":82,"column":24},"end":{"line":82,"column":43},"skip":true},"18":{"start":{"line":83,"column":24},"end":{"line":83,"column":30},"skip":true},"19":{"start":{"line":85,"column":24},"end":{"line":85,"column":49},"skip":true},"20":{"start":{"line":89,"column":12},"end":{"line":107,"column":13},"skip":true},"21":{"start":{"line":92,"column":16},"end":{"line":102,"column":17},"skip":true},"22":{"start":{"line":93,"column":20},"end":{"line":93,"column":86},"skip":true},"23":{"start":{"line":94,"column":20},"end":{"line":95,"column":45},"skip":true},"24":{"start":{"line":96,"column":20},"end":{"line":96,"column":42},"skip":true},"25":{"start":{"line":97,"column":20},"end":{"line":97,"column":48},"skip":true},"26":{"start":{"line":100,"column":20},"end":{"line":100,"column":85},"skip":true},"27":{"start":{"line":101,"column":20},"end":{"line":101,"column":96},"skip":true},"28":{"start":{"line":103,"column":16},"end":{"line":103,"column":22},"skip":true},"29":{"start":{"line":106,"column":16},"end":{"line":106,"column":22},"skip":true},"30":{"start":{"line":108,"column":12},"end":{"line":120,"column":13},"skip":true},"31":{"start":{"line":114,"column":16},"end":{"line":119,"column":17},"skip":true},"32":{"start":{"line":116,"column":20},"end":{"line":116,"column":78},"skip":true},"33":{"start":{"line":118,"column":20},"end":{"line":118,"column":47},"skip":true},"34":{"start":{"line":123,"column":8},"end":{"line":141,"column":11},"skip":true},"35":{"start":{"line":124,"column":12},"end":{"line":124,"column":54},"skip":true},"36":{"start":{"line":125,"column":12},"end":{"line":140,"column":14},"skip":true},"37":{"start":{"line":126,"column":16},"end":{"line":126,"column":28},"skip":true},"38":{"start":{"line":127,"column":16},"end":{"line":127,"column":69},"skip":true},"39":{"start":{"line":128,"column":16},"end":{"line":128,"column":75},"skip":true},"40":{"start":{"line":129,"column":16},"end":{"line":131,"column":17},"skip":true},"41":{"start":{"line":130,"column":20},"end":{"line":130,"column":27},"skip":true},"42":{"start":{"line":133,"column":16},"end":{"line":137,"column":36},"skip":true},"43":{"start":{"line":134,"column":20},"end":{"line":136,"column":55},"skip":true},"44":{"start":{"line":139,"column":16},"end":{"line":139,"column":57},"skip":true},"45":{"start":{"line":143,"column":8},"end":{"line":147,"column":11},"skip":true},"46":{"start":{"line":144,"column":12},"end":{"line":146,"column":15},"skip":true},"47":{"start":{"line":145,"column":16},"end":{"line":145,"column":70},"skip":true},"48":{"start":{"line":149,"column":8},"end":{"line":149,"column":31},"skip":true},"49":{"start":{"line":150,"column":8},"end":{"line":150,"column":14},"skip":true},"50":{"start":{"line":158,"column":8},"end":{"line":158,"column":31},"skip":true},"51":{"start":{"line":160,"column":8},"end":{"line":160,"column":33},"skip":true},"52":{"start":{"line":161,"column":8},"end":{"line":161,"column":37},"skip":true},"53":{"start":{"line":162,"column":8},"end":{"line":162,"column":35},"skip":true},"54":{"start":{"line":164,"column":8},"end":{"line":164,"column":50},"skip":true},"55":{"start":{"line":166,"column":8},"end":{"line":256,"column":2},"skip":true},"56":{"start":{"line":258,"column":8},"end":{"line":286,"column":9},"skip":true},"57":{"start":{"line":259,"column":12},"end":{"line":269,"column":14},"skip":true},"58":{"start":{"line":271,"column":12},"end":{"line":285,"column":19},"skip":true},"59":{"start":{"line":274,"column":20},"end":{"line":274,"column":35},"skip":true},"60":{"start":{"line":275,"column":20},"end":{"line":284,"column":21},"skip":true},"61":{"start":{"line":277,"column":24},"end":{"line":277,"column":64},"skip":true},"62":{"start":{"line":279,"column":24},"end":{"line":279,"column":40},"skip":true},"63":{"start":{"line":281,"column":24},"end":{"line":281,"column":40},"skip":true},"64":{"start":{"line":283,"column":24},"end":{"line":283,"column":39},"skip":true},"65":{"start":{"line":288,"column":8},"end":{"line":290,"column":9},"skip":true},"66":{"start":{"line":289,"column":12},"end":{"line":289,"column":18},"skip":true},"67":{"start":{"line":291,"column":8},"end":{"line":293,"column":54},"skip":true},"68":{"start":{"line":296,"column":8},"end":{"line":301,"column":37},"skip":true},"69":{"start":{"line":303,"column":8},"end":{"line":303,"column":82},"skip":true},"70":{"start":{"line":306,"column":8},"end":{"line":308,"column":9},"skip":true},"71":{"start":{"line":307,"column":12},"end":{"line":307,"column":82},"skip":true},"72":{"start":{"line":310,"column":8},"end":{"line":312,"column":9},"skip":true},"73":{"start":{"line":311,"column":12},"end":{"line":311,"column":18},"skip":true},"74":{"start":{"line":313,"column":8},"end":{"line":313,"column":54},"skip":true},"75":{"start":{"line":314,"column":8},"end":{"line":314,"column":69},"skip":true},"76":{"start":{"line":315,"column":8},"end":{"line":323,"column":36},"skip":true},"77":{"start":{"line":316,"column":12},"end":{"line":316,"column":61},"skip":true},"78":{"start":{"line":317,"column":12},"end":{"line":320,"column":13},"skip":true},"79":{"start":{"line":318,"column":16},"end":{"line":318,"column":75},"skip":true},"80":{"start":{"line":319,"column":16},"end":{"line":319,"column":23},"skip":true},"81":{"start":{"line":321,"column":12},"end":{"line":321,"column":38},"skip":true},"82":{"start":{"line":322,"column":12},"end":{"line":322,"column":27},"skip":true},"83":{"start":{"line":324,"column":8},"end":{"line":324,"column":14},"skip":true}},"branchMap":{"1":{"line":39,"type":"binary-expr","locations":[{"start":{"line":39,"column":23},"end":{"line":39,"column":62}},{"start":{"line":40,"column":20},"end":{"line":40,"column":70}},{"start":{"line":41,"column":20},"end":{"line":41,"column":71}},{"start":{"line":42,"column":20},"end":{"line":42,"column":29}}]},"2":{"line":44,"type":"binary-expr","locations":[{"start":{"line":44,"column":23},"end":{"line":44,"column":37}},{"start":{"line":45,"column":20},"end":{"line":45,"column":61}},{"start":{"line":46,"column":20},"end":{"line":46,"column":70}},{"start":{"line":47,"column":20},"end":{"line":47,"column":26}}]},"3":{"line":51,"type":"cond-expr","locations":[{"start":{"line":52,"column":14},"end":{"line":52,"column":20}},{"start":{"line":53,"column":14},"end":{"line":53,"column":20}}]},"4":{"line":55,"type":"binary-expr","locations":[{"start":{"line":55,"column":16},"end":{"line":55,"column":44}},{"start":{"line":55,"column":49},"end":{"line":57,"column":43}}]},"5":{"line":55,"type":"cond-expr","locations":[{"start":{"line":56,"column":14},"end":{"line":56,"column":61}},{"start":{"line":57,"column":14},"end":{"line":57,"column":43}}]},"6":{"line":61,"type":"switch","locations":[{"start":{"line":68,"column":4},"end":{"line":150,"column":14},"skip":true},{"start":{"line":156,"column":4},"end":{"line":324,"column":14},"skip":true}]},"7":{"line":70,"type":"if","locations":[{"start":{"line":70,"column":12},"end":{"line":70,"column":12},"skip":true},{"start":{"line":70,"column":12},"end":{"line":70,"column":12},"skip":true}]},"8":{"line":70,"type":"binary-expr","locations":[{"start":{"line":70,"column":16},"end":{"line":70,"column":22},"skip":true},{"start":{"line":70,"column":27},"end":{"line":70,"column":32},"skip":true},{"start":{"line":71,"column":20},"end":{"line":71,"column":39},"skip":true},{"start":{"line":72,"column":20},"end":{"line":72,"column":49},"skip":true},{"start":{"line":73,"column":20},"end":{"line":73,"column":58},"skip":true},{"start":{"line":74,"column":20},"end":{"line":74,"column":69},"skip":true}]},"9":{"line":79,"type":"switch","locations":[{"start":{"line":80,"column":20},"end":{"line":80,"column":33},"skip":true},{"start":{"line":81,"column":20},"end":{"line":83,"column":30},"skip":true},{"start":{"line":84,"column":20},"end":{"line":85,"column":49},"skip":true}]},"10":{"line":89,"type":"switch","locations":[{"start":{"line":90,"column":12},"end":{"line":103,"column":22},"skip":true},{"start":{"line":105,"column":12},"end":{"line":106,"column":22},"skip":true}]},"11":{"line":89,"type":"binary-expr","locations":[{"start":{"line":89,"column":20},"end":{"line":89,"column":25},"skip":true},{"start":{"line":89,"column":29},"end":{"line":89,"column":48},"skip":true},{"start":{"line":89,"column":52},"end":{"line":89,"column":74},"skip":true}]},"12":{"line":92,"type":"if","locations":[{"start":{"line":92,"column":16},"end":{"line":92,"column":16},"skip":true},{"start":{"line":92,"column":16},"end":{"line":92,"column":16},"skip":true}]},"13":{"line":108,"type":"if","locations":[{"start":{"line":108,"column":12},"end":{"line":108,"column":12},"skip":true},{"start":{"line":108,"column":12},"end":{"line":108,"column":12},"skip":true}]},"14":{"line":108,"type":"binary-expr","locations":[{"start":{"line":108,"column":16},"end":{"line":108,"column":61},"skip":true},{"start":{"line":108,"column":66},"end":{"line":108,"column":72},"skip":true},{"start":{"line":108,"column":77},"end":{"line":108,"column":82},"skip":true},{"start":{"line":109,"column":20},"end":{"line":109,"column":39},"skip":true},{"start":{"line":110,"column":20},"end":{"line":110,"column":49},"skip":true},{"start":{"line":111,"column":20},"end":{"line":111,"column":58},"skip":true},{"start":{"line":112,"column":20},"end":{"line":112,"column":68},"skip":true}]},"15":{"line":129,"type":"if","locations":[{"start":{"line":129,"column":16},"end":{"line":129,"column":16},"skip":true},{"start":{"line":129,"column":16},"end":{"line":129,"column":16},"skip":true}]},"16":{"line":134,"type":"cond-expr","locations":[{"start":{"line":135,"column":26},"end":{"line":135,"column":29},"skip":true},{"start":{"line":136,"column":26},"end":{"line":136,"column":54},"skip":true}]},"17":{"line":164,"type":"binary-expr","locations":[{"start":{"line":164,"column":27},"end":{"line":164,"column":43},"skip":true},{"start":{"line":164,"column":47},"end":{"line":164,"column":49},"skip":true}]},"18":{"line":258,"type":"if","locations":[{"start":{"line":258,"column":8},"end":{"line":258,"column":8},"skip":true},{"start":{"line":258,"column":8},"end":{"line":258,"column":8},"skip":true}]},"19":{"line":275,"type":"switch","locations":[{"start":{"line":276,"column":20},"end":{"line":277,"column":64},"skip":true},{"start":{"line":278,"column":20},"end":{"line":279,"column":40},"skip":true},{"start":{"line":280,"column":20},"end":{"line":281,"column":40},"skip":true},{"start":{"line":282,"column":20},"end":{"line":283,"column":39},"skip":true}]},"20":{"line":288,"type":"if","locations":[{"start":{"line":288,"column":8},"end":{"line":288,"column":8},"skip":true},{"start":{"line":288,"column":8},"end":{"line":288,"column":8},"skip":true}]},"21":{"line":288,"type":"binary-expr","locations":[{"start":{"line":288,"column":12},"end":{"line":288,"column":40},"skip":true},{"start":{"line":288,"column":44},"end":{"line":288,"column":67},"skip":true}]},"22":{"line":292,"type":"binary-expr","locations":[{"start":{"line":292,"column":12},"end":{"line":292,"column":50},"skip":true},{"start":{"line":293,"column":12},"end":{"line":293,"column":53},"skip":true}]},"23":{"line":297,"type":"binary-expr","locations":[{"start":{"line":297,"column":12},"end":{"line":297,"column":75},"skip":true},{"start":{"line":298,"column":12},"end":{"line":301,"column":36},"skip":true}]},"24":{"line":303,"type":"binary-expr","locations":[{"start":{"line":303,"column":43},"end":{"line":303,"column":75},"skip":true},{"start":{"line":303,"column":79},"end":{"line":303,"column":81},"skip":true}]},"25":{"line":306,"type":"if","locations":[{"start":{"line":306,"column":8},"end":{"line":306,"column":8},"skip":true},{"start":{"line":306,"column":8},"end":{"line":306,"column":8},"skip":true}]},"26":{"line":310,"type":"if","locations":[{"start":{"line":310,"column":8},"end":{"line":310,"column":8},"skip":true},{"start":{"line":310,"column":8},"end":{"line":310,"column":8},"skip":true}]},"27":{"line":313,"type":"binary-expr","locations":[{"start":{"line":313,"column":27},"end":{"line":313,"column":43},"skip":true},{"start":{"line":313,"column":47},"end":{"line":313,"column":53},"skip":true}]},"28":{"line":317,"type":"if","locations":[{"start":{"line":317,"column":12},"end":{"line":317,"column":12},"skip":true},{"start":{"line":317,"column":12},"end":{"line":317,"column":12},"skip":true}]}},"code":["/*","example.js","","quickstart example","","instruction","    1. save this script as example.js","    2. run the shell command:","        $ npm install npmtest-react-autosuggest && PORT=8081 node example.js","    3. play with the browser-demo on http://127.0.0.1:8081","*/","","","","/* istanbul instrument in package npmtest_react_autosuggest */","/*jslint","    bitwise: true,","    browser: true,","    maxerr: 8,","    maxlen: 96,","    node: true,","    nomen: true,","    regexp: true,","    stupid: true","*/","(function () {","    'use strict';","    var local;","","","","    // run shared js-env code - pre-init","    (function () {","        // init local","        local = {};","        // init modeJs","        local.modeJs = (function () {","            try {","                return typeof navigator.userAgent === 'string' &&","                    typeof document.querySelector('body') === 'object' &&","                    typeof XMLHttpRequest.prototype.open === 'function' &&","                    'browser';","            } catch (errorCaughtBrowser) {","                return module.exports &&","                    typeof process.versions.node === 'string' &&","                    typeof require('http').createServer === 'function' &&","                    'node';","            }","        }());","        // init global","        local.global = local.modeJs === 'browser'","            ? window","            : global;","        // init utility2_rollup","        local = local.global.utility2_rollup || (local.modeJs === 'browser'","            ? local.global.utility2_npmtest_react_autosuggest","            : global.utility2_moduleExports);","        // export local","        local.global.local = local;","    }());","    switch (local.modeJs) {","","","","    // post-init","    // run browser js-env code - post-init","    /* istanbul ignore next */","    case 'browser':","        local.testRunBrowser = function (event) {","            if (!event || (event &&","                    event.currentTarget &&","                    event.currentTarget.className &&","                    event.currentTarget.className.includes &&","                    event.currentTarget.className.includes('onreset'))) {","                // reset output","                Array.from(","                    document.querySelectorAll('body > .resettable')","                ).forEach(function (element) {","                    switch (element.tagName) {","                    case 'INPUT':","                    case 'TEXTAREA':","                        element.value = '';","                        break;","                    default:","                        element.textContent = '';","                    }","                });","            }","            switch (event && event.currentTarget && event.currentTarget.id) {","            case 'testRunButton1':","                // show tests","                if (document.querySelector('#testReportDiv1').style.display === 'none') {","                    document.querySelector('#testReportDiv1').style.display = 'block';","                    document.querySelector('#testRunButton1').textContent =","                        'hide internal test';","                    local.modeTest = true;","                    local.testRunDefault(local);","                // hide tests","                } else {","                    document.querySelector('#testReportDiv1').style.display = 'none';","                    document.querySelector('#testRunButton1').textContent = 'run internal test';","                }","                break;","            // custom-case","            default:","                break;","            }","            if (document.querySelector('#inputTextareaEval1') && (!event || (event &&","                    event.currentTarget &&","                    event.currentTarget.className &&","                    event.currentTarget.className.includes &&","                    event.currentTarget.className.includes('oneval')))) {","                // try to eval input-code","                try {","                    /*jslint evil: true*/","                    eval(document.querySelector('#inputTextareaEval1').value);","                } catch (errorCaught) {","                    console.error(errorCaught);","                }","            }","        };","        // log stderr and stdout to #outputTextareaStdout1","        ['error', 'log'].forEach(function (key) {","            console[key + '_original'] = console[key];","            console[key] = function () {","                var element;","                console[key + '_original'].apply(console, arguments);","                element = document.querySelector('#outputTextareaStdout1');","                if (!element) {","                    return;","                }","                // append text to #outputTextareaStdout1","                element.value += Array.from(arguments).map(function (arg) {","                    return typeof arg === 'string'","                        ? arg","                        : JSON.stringify(arg, null, 4);","                }).join(' ') + '\\n';","                // scroll textarea to bottom","                element.scrollTop = element.scrollHeight;","            };","        });","        // init event-handling","        ['change', 'click', 'keyup'].forEach(function (event) {","            Array.from(document.querySelectorAll('.on' + event)).forEach(function (element) {","                element.addEventListener(event, local.testRunBrowser);","            });","        });","        // run tests","        local.testRunBrowser();","        break;","","","","    // run node js-env code - post-init","    /* istanbul ignore next */","    case 'node':","        // export local","        module.exports = local;","        // require modules","        local.fs = require('fs');","        local.http = require('http');","        local.url = require('url');","        // init assets","        local.assetsDict = local.assetsDict || {};","        /* jslint-ignore-begin */","        local.assetsDict['/assets.index.template.html'] = '\\","<!doctype html>\\n\\","<html lang=\"en\">\\n\\","<head>\\n\\","<meta charset=\"UTF-8\">\\n\\","<meta name=\"viewport\" content=\"width=device-width, initial-scale=1\">\\n\\","<title>{{env.npm_package_name}} (v{{env.npm_package_version}})</title>\\n\\","<style>\\n\\","/*csslint\\n\\","    box-sizing: false,\\n\\","    universal-selector: false\\n\\","*/\\n\\","* {\\n\\","    box-sizing: border-box;\\n\\","}\\n\\","body {\\n\\","    background: #dde;\\n\\","    font-family: Arial, Helvetica, sans-serif;\\n\\","    margin: 2rem;\\n\\","}\\n\\","body > * {\\n\\","    margin-bottom: 1rem;\\n\\","}\\n\\",".utility2FooterDiv {\\n\\","    margin-top: 20px;\\n\\","    text-align: center;\\n\\","}\\n\\","</style>\\n\\","<style>\\n\\","/*csslint\\n\\","*/\\n\\","textarea {\\n\\","    font-family: monospace;\\n\\","    height: 10rem;\\n\\","    width: 100%;\\n\\","}\\n\\","textarea[readonly] {\\n\\","    background: #ddd;\\n\\","}\\n\\","</style>\\n\\","</head>\\n\\","<body>\\n\\","<!-- utility2-comment\\n\\","<div id=\"ajaxProgressDiv1\" style=\"background: #d00; height: 2px; left: 0; margin: 0; padding: 0; position: fixed; top: 0; transition: background 0.5s, width 1.5s; width: 25%;\"></div>\\n\\","utility2-comment -->\\n\\","<h1>\\n\\","<!-- utility2-comment\\n\\","    <a\\n\\","        {{#if env.npm_package_homepage}}\\n\\","        href=\"{{env.npm_package_homepage}}\"\\n\\","        {{/if env.npm_package_homepage}}\\n\\","        target=\"_blank\"\\n\\","    >\\n\\","utility2-comment -->\\n\\","        {{env.npm_package_name}} (v{{env.npm_package_version}})\\n\\","<!-- utility2-comment\\n\\","    </a>\\n\\","utility2-comment -->\\n\\","</h1>\\n\\","<h3>{{env.npm_package_description}}</h3>\\n\\","<!-- utility2-comment\\n\\","<h4><a download href=\"assets.app.js\">download standalone app</a></h4>\\n\\","<button class=\"onclick onreset\" id=\"testRunButton1\">run internal test</button><br>\\n\\","<div id=\"testReportDiv1\" style=\"display: none;\"></div>\\n\\","utility2-comment -->\\n\\","\\n\\","\\n\\","\\n\\","<label>stderr and stdout</label>\\n\\","<textarea class=\"resettable\" id=\"outputTextareaStdout1\" readonly></textarea>\\n\\","<!-- utility2-comment\\n\\","{{#if isRollup}}\\n\\","<script src=\"assets.app.js\"></script>\\n\\","{{#unless isRollup}}\\n\\","utility2-comment -->\\n\\","<script src=\"assets.utility2.rollup.js\"></script>\\n\\","<script src=\"jsonp.utility2._stateInit?callback=window.utility2._stateInit\"></script>\\n\\","<script src=\"assets.npmtest_react_autosuggest.rollup.js\"></script>\\n\\","<script src=\"assets.example.js\"></script>\\n\\","<script src=\"assets.test.js\"></script>\\n\\","<!-- utility2-comment\\n\\","{{/if isRollup}}\\n\\","utility2-comment -->\\n\\","<div class=\"utility2FooterDiv\">\\n\\","    [ this app was created with\\n\\","    <a href=\"https://github.com/kaizhu256/node-utility2\" target=\"_blank\">utility2</a>\\n\\","    ]\\n\\","</div>\\n\\","</body>\\n\\","</html>\\n\\","';","        /* jslint-ignore-end */","        if (local.templateRender) {","            local.assetsDict['/'] = local.templateRender(","                local.assetsDict['/assets.index.template.html'],","                {","                    env: local.objectSetDefault(local.env, {","                        npm_package_description: 'the greatest app in the world!',","                        npm_package_name: 'my-app',","                        npm_package_nameAlias: 'my_app',","                        npm_package_version: '0.0.1'","                    })","                }","            );","        } else {","            local.assetsDict['/'] = local.assetsDict['/assets.index.template.html']","                .replace((/\\{\\{env\\.(\\w+?)\\}\\}/g), function (match0, match1) {","                    // jslint-hack","                    String(match0);","                    switch (match1) {","                    case 'npm_package_description':","                        return 'the greatest app in the world!';","                    case 'npm_package_name':","                        return 'my-app';","                    case 'npm_package_nameAlias':","                        return 'my_app';","                    case 'npm_package_version':","                        return '0.0.1';","                    }","                });","        }","        // run the cli","        if (local.global.utility2_rollup || module !== require.main) {","            break;","        }","        local.assetsDict['/assets.example.js'] =","            local.assetsDict['/assets.example.js'] ||","            local.fs.readFileSync(__filename, 'utf8');","        // bug-workaround - long $npm_package_buildCustomOrg","        /* jslint-ignore-begin */","        local.assetsDict['/assets.npmtest_react_autosuggest.rollup.js'] =","            local.assetsDict['/assets.npmtest_react_autosuggest.rollup.js'] ||","            local.fs.readFileSync(","                local.npmtest_react_autosuggest.__dirname + '/lib.npmtest_react_autosuggest.js',","                'utf8'","            ).replace((/^#!/), '//');","        /* jslint-ignore-end */","        local.assetsDict['/favicon.ico'] = local.assetsDict['/favicon.ico'] || '';","        // if $npm_config_timeout_exit exists,","        // then exit this process after $npm_config_timeout_exit ms","        if (Number(process.env.npm_config_timeout_exit)) {","            setTimeout(process.exit, Number(process.env.npm_config_timeout_exit));","        }","        // start server","        if (local.global.utility2_serverHttp1) {","            break;","        }","        process.env.PORT = process.env.PORT || '8081';","        console.error('server starting on port ' + process.env.PORT);","        local.http.createServer(function (request, response) {","            request.urlParsed = local.url.parse(request.url);","            if (local.assetsDict[request.urlParsed.pathname] !== undefined) {","                response.end(local.assetsDict[request.urlParsed.pathname]);","                return;","            }","            response.statusCode = 404;","            response.end();","        }).listen(process.env.PORT);","        break;","    }","}());",""],"l":{"26":2,"28":2,"33":2,"35":2,"37":2,"38":2,"39":2,"44":1,"51":2,"55":2,"59":2,"61":2,"69":1,"70":2,"76":2,"79":2,"82":2,"83":2,"85":1,"89":2,"92":1,"93":1,"94":1,"96":1,"97":1,"100":1,"101":1,"103":1,"106":1,"108":2,"114":1,"116":1,"118":1,"123":1,"124":2,"125":2,"126":3,"127":3,"128":3,"129":3,"130":1,"133":3,"134":3,"139":3,"143":1,"144":3,"145":1,"149":1,"150":1,"158":1,"160":1,"161":1,"162":1,"164":1,"166":1,"258":1,"259":1,"271":1,"274":6,"275":6,"277":1,"279":2,"281":1,"283":2,"288":1,"289":1,"291":1,"296":1,"303":1,"306":1,"307":1,"310":1,"311":1,"313":1,"314":1,"315":1,"316":1,"317":1,"318":1,"319":1,"321":1,"322":1,"324":1}},"/home/travis/build/npmtest/node-npmtest-react-autosuggest/node_modules/react-autosuggest/dist/index.js":{"path":"/home/travis/build/npmtest/node-npmtest-react-autosuggest/node_modules/react-autosuggest/dist/index.js","s":{"1":1},"b":{},"f":{},"fnMap":{},"statementMap":{"1":{"start":{"line":3,"column":0},"end":{"line":3,"column":50}}},"branchMap":{},"code":["'use strict';","","module.exports = require('./Autosuggest').default;"],"l":{"3":1}},"/home/travis/build/npmtest/node-npmtest-react-autosuggest/node_modules/react-autosuggest/dist/Autosuggest.js":{"path":"/home/travis/build/npmtest/node-npmtest-react-autosuggest/node_modules/react-autosuggest/dist/Autosuggest.js","s":{"1":1,"2":1,"3":0,"4":0,"5":0,"6":0,"7":0,"8":0,"9":1,"10":1,"11":1,"12":16,"13":16,"14":16,"15":16,"16":16,"17":16,"18":1,"19":1,"20":1,"21":1,"22":0,"23":1,"24":1,"25":1,"26":1,"27":1,"28":1,"29":1,"30":1,"31":1,"32":1,"33":1,"34":4,"35":1,"36":0,"37":0,"38":1,"39":0,"40":0,"41":0,"42":1,"43":1,"44":0,"45":1,"46":1,"47":1,"48":1,"49":0,"50":1,"51":0,"52":1,"53":0,"54":0,"55":1,"56":1,"57":1,"58":0,"59":0,"60":0,"61":0,"62":0,"63":0,"64":0,"65":1,"66":0,"67":0,"68":0,"69":0,"70":0,"71":0,"72":0,"73":0,"74":0,"75":0,"76":0,"77":0,"78":0,"79":0,"80":0,"81":0,"82":0,"83":0,"84":0,"85":0,"86":0,"87":0,"88":0,"89":0,"90":0,"91":0,"92":0,"93":0,"94":0,"95":0,"96":0,"97":0,"98":0,"99":0,"100":0,"101":0,"102":0,"103":0,"104":0,"105":0,"106":0,"107":0,"108":0,"109":0,"110":0,"111":0,"112":0,"113":0,"114":0,"115":0,"116":0,"117":0,"118":0,"119":0,"120":0,"121":0,"122":0,"123":0,"124":0,"125":0,"126":0,"127":0,"128":0,"129":0,"130":0,"131":0,"132":0,"133":0,"134":0,"135":0,"136":0,"137":0,"138":0,"139":0,"140":0,"141":0,"142":0,"143":0,"144":0,"145":0,"146":0,"147":0,"148":0,"149":0,"150":0,"151":0,"152":0,"153":0,"154":0,"155":0,"156":0,"157":0,"158":0,"159":0,"160":0,"161":0,"162":0,"163":0,"164":0,"165":0,"166":0,"167":0,"168":0,"169":0,"170":0,"171":0,"172":0,"173":0,"174":0,"175":0,"176":0,"177":0,"178":0,"179":0,"180":0,"181":0,"182":0,"183":0,"184":0,"185":0,"186":0,"187":0,"188":0,"189":0,"190":0,"191":0,"192":0,"193":0,"194":0,"195":0,"196":0,"197":0,"198":0,"199":1,"200":1,"201":0,"202":0,"203":0,"204":0,"205":0,"206":0,"207":0,"208":0,"209":0,"210":0,"211":0,"212":0,"213":0,"214":0,"215":0,"216":0,"217":0,"218":1,"219":1,"220":0,"221":0,"222":0,"223":0,"224":0,"225":0,"226":0,"227":0,"228":0,"229":0,"230":0,"231":0,"232":0,"233":0,"234":0,"235":0,"236":0,"237":0,"238":0,"239":0,"240":0,"241":0,"242":0,"243":0,"244":0,"245":0,"246":0,"247":0,"248":0,"249":0,"250":0,"251":0,"252":0,"253":0,"254":0,"255":0,"256":0,"257":0,"258":0,"259":0,"260":0,"261":0,"262":0,"263":0,"264":0,"265":0,"266":0,"267":0,"268":0,"269":0,"270":0,"271":0,"272":0,"273":0,"274":0,"275":0,"276":0,"277":0,"278":0,"279":0,"280":0,"281":1},"b":{"1":[1,0],"2":[0,0],"3":[16,16],"4":[16,0],"5":[1,0],"6":[0,1],"7":[0,4],"8":[4,4],"9":[0,0],"10":[0,0],"11":[0,0],"12":[0,0,0],"13":[0,1],"14":[1,0],"15":[1,1],"16":[1,0],"17":[1,0],"18":[0,0],"19":[0,0],"20":[0,0],"21":[0,0,0],"22":[0,0],"23":[0,0],"24":[0,0],"25":[0,0],"26":[0,0],"27":[0,0],"28":[0,0],"29":[0,0],"30":[0,0],"31":[0,0],"32":[0,0],"33":[0,0],"34":[0,0],"35":[0,0],"36":[0,0],"37":[0,0],"38":[0,0],"39":[0,0],"40":[0,0,0,0],"41":[0,0],"42":[0,0],"43":[0,0],"44":[0,0],"45":[0,0],"46":[0,0],"47":[0,0],"48":[0,0],"49":[0,0,0,0],"50":[0,0],"51":[0,0],"52":[0,0],"53":[0,0],"54":[0,0],"55":[0,0],"56":[0,0],"57":[0,0],"58":[0,0],"59":[0,0],"60":[0,0],"61":[0,0],"62":[0,0],"63":[0,0],"64":[0,0],"65":[0,0],"66":[0,0],"67":[0,0],"68":[0,0],"69":[0,0],"70":[0,0],"71":[0,0],"72":[0,0],"73":[0,0],"74":[0,0],"75":[0,0,0],"76":[0,0],"77":[0,0],"78":[0,0],"79":[0,0],"80":[0,0],"81":[0,0],"82":[0,0],"83":[0,0],"84":[0,0],"85":[0,0],"86":[0,0]},"f":{"1":0,"2":1,"3":1,"4":1,"5":4,"6":0,"7":0,"8":1,"9":0,"10":0,"11":0,"12":1,"13":0,"14":0,"15":0,"16":0,"17":0,"18":0,"19":0,"20":0,"21":0,"22":0,"23":0,"24":0,"25":0,"26":0,"27":0,"28":0,"29":0,"30":0,"31":0,"32":0,"33":0,"34":0,"35":0,"36":0,"37":0,"38":0,"39":0,"40":0,"41":0,"42":0,"43":0,"44":0,"45":0,"46":0,"47":0,"48":0,"49":0,"50":0,"51":0,"52":0,"53":0,"54":0,"55":0,"56":0},"fnMap":{"1":{"name":"(anonymous_1)","line":7,"loc":{"start":{"line":7,"column":32},"end":{"line":7,"column":50}}},"2":{"name":"(anonymous_2)","line":9,"loc":{"start":{"line":9,"column":19},"end":{"line":9,"column":31}}},"3":{"name":"defineProperties","line":9,"loc":{"start":{"line":9,"column":33},"end":{"line":9,"column":74}}},"4":{"name":"(anonymous_4)","line":9,"loc":{"start":{"line":9,"column":357},"end":{"line":9,"column":405}}},"5":{"name":"_interopRequireDefault","line":29,"loc":{"start":{"line":29,"column":0},"end":{"line":29,"column":37}}},"6":{"name":"_classCallCheck","line":31,"loc":{"start":{"line":31,"column":0},"end":{"line":31,"column":48}}},"7":{"name":"_possibleConstructorReturn","line":33,"loc":{"start":{"line":33,"column":0},"end":{"line":33,"column":48}}},"8":{"name":"_inherits","line":35,"loc":{"start":{"line":35,"column":0},"end":{"line":35,"column":41}}},"9":{"name":"alwaysTrue","line":37,"loc":{"start":{"line":37,"column":17},"end":{"line":37,"column":39}}},"10":{"name":"defaultShouldRenderSuggestions","line":40,"loc":{"start":{"line":40,"column":37},"end":{"line":40,"column":84}}},"11":{"name":"defaultRenderSuggestionsContainer","line":43,"loc":{"start":{"line":43,"column":40},"end":{"line":43,"column":89}}},"12":{"name":"(anonymous_12)","line":53,"loc":{"start":{"line":53,"column":18},"end":{"line":53,"column":40}}},"13":{"name":"Autosuggest","line":56,"loc":{"start":{"line":56,"column":2},"end":{"line":56,"column":30}}},"14":{"name":"componentDidMount","line":79,"loc":{"start":{"line":79,"column":11},"end":{"line":79,"column":40}}},"15":{"name":"componentWillReceiveProps","line":87,"loc":{"start":{"line":87,"column":11},"end":{"line":87,"column":57}}},"16":{"name":"componentWillUnmount","line":108,"loc":{"start":{"line":108,"column":11},"end":{"line":108,"column":43}}},"17":{"name":"updateHighlightedSuggestion","line":113,"loc":{"start":{"line":113,"column":11},"end":{"line":113,"column":90}}},"18":{"name":"(anonymous_18)","line":114,"loc":{"start":{"line":114,"column":20},"end":{"line":114,"column":37}}},"19":{"name":"resetHighlightedSuggestion","line":133,"loc":{"start":{"line":133,"column":11},"end":{"line":133,"column":49}}},"20":{"name":"(anonymous_20)","line":136,"loc":{"start":{"line":136,"column":20},"end":{"line":136,"column":37}}},"21":{"name":"revealSuggestions","line":149,"loc":{"start":{"line":149,"column":11},"end":{"line":149,"column":40}}},"22":{"name":"closeSuggestions","line":156,"loc":{"start":{"line":156,"column":11},"end":{"line":156,"column":39}}},"23":{"name":"getSuggestion","line":166,"loc":{"start":{"line":166,"column":11},"end":{"line":166,"column":65}}},"24":{"name":"getHighlightedSuggestion","line":181,"loc":{"start":{"line":181,"column":11},"end":{"line":181,"column":47}}},"25":{"name":"getSuggestionValueByIndex","line":195,"loc":{"start":{"line":195,"column":11},"end":{"line":195,"column":77}}},"26":{"name":"getSuggestionIndices","line":203,"loc":{"start":{"line":203,"column":11},"end":{"line":203,"column":60}}},"27":{"name":"findSuggestionElement","line":214,"loc":{"start":{"line":214,"column":11},"end":{"line":214,"column":53}}},"28":{"name":"maybeCallOnChange","line":230,"loc":{"start":{"line":230,"column":11},"end":{"line":230,"column":63}}},"29":{"name":"willRenderSuggestions","line":242,"loc":{"start":{"line":242,"column":11},"end":{"line":242,"column":49}}},"30":{"name":"getQuery","line":253,"loc":{"start":{"line":253,"column":11},"end":{"line":253,"column":31}}},"31":{"name":"render","line":263,"loc":{"start":{"line":263,"column":11},"end":{"line":263,"column":29}}},"32":{"name":"onFocus","line":295,"loc":{"start":{"line":295,"column":17},"end":{"line":295,"column":41}}},"33":{"name":"onBlur","line":311,"loc":{"start":{"line":311,"column":16},"end":{"line":311,"column":39}}},"34":{"name":"onChange","line":324,"loc":{"start":{"line":324,"column":18},"end":{"line":324,"column":43}}},"35":{"name":"onKeyDown","line":344,"loc":{"start":{"line":344,"column":19},"end":{"line":344,"column":51}}},"36":{"name":"(anonymous_36)","line":377,"loc":{"start":{"line":377,"column":25},"end":{"line":377,"column":37}}},"37":{"name":"(anonymous_37)","line":406,"loc":{"start":{"line":406,"column":29},"end":{"line":406,"column":41}}},"38":{"name":"onSuggestionsFetchRequested","line":487,"loc":{"start":{"line":487,"column":31},"end":{"line":487,"column":85}}},"39":{"name":"onSuggestionsClearRequested","line":494,"loc":{"start":{"line":494,"column":31},"end":{"line":494,"column":85}}},"40":{"name":"inputProps","line":506,"loc":{"start":{"line":506,"column":14},"end":{"line":506,"column":51}}},"41":{"name":"renderSectionTitle","line":520,"loc":{"start":{"line":520,"column":22},"end":{"line":520,"column":67}}},"42":{"name":"getSectionSuggestions","line":527,"loc":{"start":{"line":527,"column":25},"end":{"line":527,"column":73}}},"43":{"name":"_initialiseProps","line":550,"loc":{"start":{"line":550,"column":23},"end":{"line":550,"column":51}}},"44":{"name":"(anonymous_44)","line":553,"loc":{"start":{"line":553,"column":29},"end":{"line":553,"column":46}}},"45":{"name":"(anonymous_45)","line":575,"loc":{"start":{"line":575,"column":30},"end":{"line":575,"column":54}}},"46":{"name":"(anonymous_46)","line":581,"loc":{"start":{"line":581,"column":32},"end":{"line":581,"column":56}}},"47":{"name":"(anonymous_47)","line":588,"loc":{"start":{"line":588,"column":34},"end":{"line":588,"column":46}}},"48":{"name":"(anonymous_48)","line":592,"loc":{"start":{"line":592,"column":31},"end":{"line":592,"column":43}}},"49":{"name":"(anonymous_49)","line":596,"loc":{"start":{"line":596,"column":37},"end":{"line":596,"column":49}}},"50":{"name":"(anonymous_50)","line":603,"loc":{"start":{"line":603,"column":30},"end":{"line":603,"column":53}}},"51":{"name":"(anonymous_51)","line":621,"loc":{"start":{"line":621,"column":27},"end":{"line":621,"column":44}}},"52":{"name":"(anonymous_52)","line":652,"loc":{"start":{"line":652,"column":15},"end":{"line":652,"column":27}}},"53":{"name":"(anonymous_53)","line":657,"loc":{"start":{"line":657,"column":16},"end":{"line":657,"column":28}}},"54":{"name":"(anonymous_54)","line":678,"loc":{"start":{"line":678,"column":48},"end":{"line":678,"column":60}}},"55":{"name":"(anonymous_55)","line":682,"loc":{"start":{"line":682,"column":19},"end":{"line":682,"column":36}}},"56":{"name":"(anonymous_56)","line":697,"loc":{"start":{"line":697,"column":36},"end":{"line":697,"column":53}}}},"statementMap":{"1":{"start":{"line":3,"column":0},"end":{"line":5,"column":3}},"2":{"start":{"line":7,"column":0},"end":{"line":7,"column":257}},"3":{"start":{"line":7,"column":52},"end":{"line":7,"column":239}},"4":{"start":{"line":7,"column":97},"end":{"line":7,"column":123}},"5":{"start":{"line":7,"column":124},"end":{"line":7,"column":237}},"6":{"start":{"line":7,"column":150},"end":{"line":7,"column":235}},"7":{"start":{"line":7,"column":207},"end":{"line":7,"column":233}},"8":{"start":{"line":7,"column":240},"end":{"line":7,"column":254}},"9":{"start":{"line":9,"column":0},"end":{"line":9,"column":564}},"10":{"start":{"line":9,"column":33},"end":{"line":9,"column":349}},"11":{"start":{"line":9,"column":76},"end":{"line":9,"column":347}},"12":{"start":{"line":9,"column":117},"end":{"line":9,"column":143}},"13":{"start":{"line":9,"column":144},"end":{"line":9,"column":199}},"14":{"start":{"line":9,"column":200},"end":{"line":9,"column":231}},"15":{"start":{"line":9,"column":232},"end":{"line":9,"column":286}},"16":{"start":{"line":9,"column":259},"end":{"line":9,"column":286}},"17":{"start":{"line":9,"column":287},"end":{"line":9,"column":345}},"18":{"start":{"line":9,"column":350},"end":{"line":9,"column":559}},"19":{"start":{"line":9,"column":407},"end":{"line":9,"column":475}},"20":{"start":{"line":9,"column":423},"end":{"line":9,"column":475}},"21":{"start":{"line":9,"column":476},"end":{"line":9,"column":536}},"22":{"start":{"line":9,"column":493},"end":{"line":9,"column":536}},"23":{"start":{"line":9,"column":537},"end":{"line":9,"column":556}},"24":{"start":{"line":11,"column":0},"end":{"line":11,"column":30}},"25":{"start":{"line":13,"column":0},"end":{"line":13,"column":45}},"26":{"start":{"line":15,"column":0},"end":{"line":15,"column":39}},"27":{"start":{"line":17,"column":0},"end":{"line":17,"column":53}},"28":{"start":{"line":19,"column":0},"end":{"line":19,"column":46}},"29":{"start":{"line":21,"column":0},"end":{"line":21,"column":47}},"30":{"start":{"line":23,"column":0},"end":{"line":23,"column":55}},"31":{"start":{"line":25,"column":0},"end":{"line":25,"column":69}},"32":{"start":{"line":27,"column":0},"end":{"line":27,"column":32}},"33":{"start":{"line":29,"column":0},"end":{"line":29,"column":95}},"34":{"start":{"line":29,"column":39},"end":{"line":29,"column":93}},"35":{"start":{"line":31,"column":0},"end":{"line":31,"column":153}},"36":{"start":{"line":31,"column":50},"end":{"line":31,"column":151}},"37":{"start":{"line":31,"column":92},"end":{"line":31,"column":149}},"38":{"start":{"line":33,"column":0},"end":{"line":33,"column":240}},"39":{"start":{"line":33,"column":50},"end":{"line":33,"column":151}},"40":{"start":{"line":33,"column":63},"end":{"line":33,"column":149}},"41":{"start":{"line":33,"column":152},"end":{"line":33,"column":238}},"42":{"start":{"line":35,"column":0},"end":{"line":35,"column":494}},"43":{"start":{"line":35,"column":43},"end":{"line":35,"column":208}},"44":{"start":{"line":35,"column":106},"end":{"line":35,"column":206}},"45":{"start":{"line":35,"column":209},"end":{"line":35,"column":373}},"46":{"start":{"line":35,"column":374},"end":{"line":35,"column":492}},"47":{"start":{"line":35,"column":390},"end":{"line":35,"column":492}},"48":{"start":{"line":37,"column":0},"end":{"line":39,"column":2}},"49":{"start":{"line":38,"column":2},"end":{"line":38,"column":14}},"50":{"start":{"line":40,"column":0},"end":{"line":42,"column":2}},"51":{"start":{"line":41,"column":2},"end":{"line":41,"column":33}},"52":{"start":{"line":43,"column":0},"end":{"line":51,"column":2}},"53":{"start":{"line":44,"column":2},"end":{"line":45,"column":31}},"54":{"start":{"line":46,"column":2},"end":{"line":50,"column":4}},"55":{"start":{"line":53,"column":0},"end":{"line":483,"column":20}},"56":{"start":{"line":54,"column":2},"end":{"line":54,"column":37}},"57":{"start":{"line":56,"column":2},"end":{"line":75,"column":3}},"58":{"start":{"line":57,"column":4},"end":{"line":57,"column":64}},"59":{"start":{"line":59,"column":4},"end":{"line":59,"column":39}},"60":{"start":{"line":61,"column":4},"end":{"line":61,"column":123}},"61":{"start":{"line":63,"column":4},"end":{"line":63,"column":33}},"62":{"start":{"line":65,"column":4},"end":{"line":71,"column":6}},"63":{"start":{"line":73,"column":4},"end":{"line":73,"column":36}},"64":{"start":{"line":74,"column":4},"end":{"line":74,"column":17}},"65":{"start":{"line":77,"column":2},"end":{"line":480,"column":6}},"66":{"start":{"line":80,"column":6},"end":{"line":80,"column":71}},"67":{"start":{"line":82,"column":6},"end":{"line":82,"column":43}},"68":{"start":{"line":83,"column":6},"end":{"line":83,"column":67}},"69":{"start":{"line":88,"column":6},"end":{"line":104,"column":7}},"70":{"start":{"line":89,"column":8},"end":{"line":91,"column":9}},"71":{"start":{"line":90,"column":10},"end":{"line":90,"column":42}},"72":{"start":{"line":93,"column":8},"end":{"line":103,"column":9}},"73":{"start":{"line":94,"column":10},"end":{"line":96,"column":11}},"74":{"start":{"line":95,"column":12},"end":{"line":95,"column":44}},"75":{"start":{"line":98,"column":10},"end":{"line":100,"column":11}},"76":{"start":{"line":99,"column":12},"end":{"line":99,"column":37}},"77":{"start":{"line":102,"column":10},"end":{"line":102,"column":44}},"78":{"start":{"line":109,"column":6},"end":{"line":109,"column":74}},"79":{"start":{"line":114,"column":6},"end":{"line":129,"column":9}},"80":{"start":{"line":115,"column":8},"end":{"line":115,"column":56}},"81":{"start":{"line":118,"column":8},"end":{"line":122,"column":9}},"82":{"start":{"line":119,"column":10},"end":{"line":119,"column":35}},"83":{"start":{"line":120,"column":15},"end":{"line":122,"column":9}},"84":{"start":{"line":121,"column":10},"end":{"line":121,"column":40}},"85":{"start":{"line":124,"column":8},"end":{"line":128,"column":10}},"86":{"start":{"line":134,"column":6},"end":{"line":134,"column":114}},"87":{"start":{"line":136,"column":6},"end":{"line":145,"column":9}},"88":{"start":{"line":137,"column":8},"end":{"line":137,"column":56}},"89":{"start":{"line":140,"column":8},"end":{"line":144,"column":10}},"90":{"start":{"line":150,"column":6},"end":{"line":152,"column":9}},"91":{"start":{"line":157,"column":6},"end":{"line":162,"column":9}},"92":{"start":{"line":167,"column":6},"end":{"line":170,"column":63}},"93":{"start":{"line":173,"column":6},"end":{"line":175,"column":7}},"94":{"start":{"line":174,"column":8},"end":{"line":174,"column":81}},"95":{"start":{"line":177,"column":6},"end":{"line":177,"column":42}},"96":{"start":{"line":182,"column":6},"end":{"line":184,"column":73}},"97":{"start":{"line":187,"column":6},"end":{"line":189,"column":7}},"98":{"start":{"line":188,"column":8},"end":{"line":188,"column":20}},"99":{"start":{"line":191,"column":6},"end":{"line":191,"column":85}},"100":{"start":{"line":196,"column":6},"end":{"line":196,"column":61}},"101":{"start":{"line":199,"column":6},"end":{"line":199,"column":83}},"102":{"start":{"line":204,"column":6},"end":{"line":204,"column":78}},"103":{"start":{"line":205,"column":6},"end":{"line":205,"column":84}},"104":{"start":{"line":207,"column":6},"end":{"line":210,"column":8}},"105":{"start":{"line":215,"column":6},"end":{"line":215,"column":27}},"106":{"start":{"line":217,"column":6},"end":{"line":223,"column":30}},"107":{"start":{"line":218,"column":8},"end":{"line":220,"column":9}},"108":{"start":{"line":219,"column":10},"end":{"line":219,"column":22}},"109":{"start":{"line":222,"column":8},"end":{"line":222,"column":31}},"110":{"start":{"line":225,"column":6},"end":{"line":225,"column":51}},"111":{"start":{"line":226,"column":6},"end":{"line":226,"column":59}},"112":{"start":{"line":231,"column":6},"end":{"line":233,"column":48}},"113":{"start":{"line":236,"column":6},"end":{"line":238,"column":7}},"114":{"start":{"line":237,"column":8},"end":{"line":237,"column":64}},"115":{"start":{"line":243,"column":6},"end":{"line":245,"column":66}},"116":{"start":{"line":246,"column":6},"end":{"line":246,"column":35}},"117":{"start":{"line":249,"column":6},"end":{"line":249,"column":70}},"118":{"start":{"line":254,"column":6},"end":{"line":254,"column":45}},"119":{"start":{"line":255,"column":6},"end":{"line":255,"column":35}},"120":{"start":{"line":256,"column":6},"end":{"line":256,"column":59}},"121":{"start":{"line":259,"column":6},"end":{"line":259,"column":49}},"122":{"start":{"line":264,"column":6},"end":{"line":264,"column":24}},"123":{"start":{"line":266,"column":6},"end":{"line":278,"column":68}},"124":{"start":{"line":279,"column":6},"end":{"line":284,"column":56}},"125":{"start":{"line":286,"column":6},"end":{"line":286,"column":110}},"126":{"start":{"line":287,"column":6},"end":{"line":289,"column":44}},"127":{"start":{"line":291,"column":6},"end":{"line":291,"column":73}},"128":{"start":{"line":292,"column":6},"end":{"line":292,"column":97}},"129":{"start":{"line":293,"column":6},"end":{"line":293,"column":44}},"130":{"start":{"line":294,"column":6},"end":{"line":457,"column":9}},"131":{"start":{"line":296,"column":10},"end":{"line":309,"column":11}},"132":{"start":{"line":297,"column":12},"end":{"line":297,"column":62}},"133":{"start":{"line":299,"column":12},"end":{"line":302,"column":15}},"134":{"start":{"line":304,"column":12},"end":{"line":304,"column":40}},"135":{"start":{"line":306,"column":12},"end":{"line":308,"column":13}},"136":{"start":{"line":307,"column":14},"end":{"line":307,"column":60}},"137":{"start":{"line":312,"column":10},"end":{"line":315,"column":11}},"138":{"start":{"line":313,"column":12},"end":{"line":313,"column":33}},"139":{"start":{"line":314,"column":12},"end":{"line":314,"column":19}},"140":{"start":{"line":317,"column":10},"end":{"line":317,"column":35}},"141":{"start":{"line":319,"column":10},"end":{"line":322,"column":11}},"142":{"start":{"line":320,"column":12},"end":{"line":320,"column":28}},"143":{"start":{"line":321,"column":12},"end":{"line":321,"column":49}},"144":{"start":{"line":325,"column":10},"end":{"line":325,"column":41}},"145":{"start":{"line":327,"column":10},"end":{"line":327,"column":60}},"146":{"start":{"line":329,"column":10},"end":{"line":329,"column":57}},"147":{"start":{"line":331,"column":10},"end":{"line":336,"column":13}},"148":{"start":{"line":338,"column":10},"end":{"line":342,"column":11}},"149":{"start":{"line":339,"column":12},"end":{"line":339,"column":58}},"150":{"start":{"line":341,"column":12},"end":{"line":341,"column":49}},"151":{"start":{"line":345,"column":10},"end":{"line":453,"column":11}},"152":{"start":{"line":348,"column":14},"end":{"line":371,"column":15}},"153":{"start":{"line":349,"column":16},"end":{"line":352,"column":17}},"154":{"start":{"line":350,"column":18},"end":{"line":350,"column":64}},"155":{"start":{"line":351,"column":18},"end":{"line":351,"column":45}},"156":{"start":{"line":353,"column":21},"end":{"line":371,"column":15}},"157":{"start":{"line":354,"column":16},"end":{"line":355,"column":75}},"158":{"start":{"line":358,"column":16},"end":{"line":358,"column":38}},"159":{"start":{"line":360,"column":16},"end":{"line":367,"column":17}},"160":{"start":{"line":364,"column":18},"end":{"line":364,"column":84}},"161":{"start":{"line":366,"column":18},"end":{"line":366,"column":115}},"162":{"start":{"line":369,"column":16},"end":{"line":369,"column":111}},"163":{"start":{"line":370,"column":16},"end":{"line":370,"column":101}},"164":{"start":{"line":373,"column":14},"end":{"line":373,"column":37}},"165":{"start":{"line":375,"column":14},"end":{"line":375,"column":46}},"166":{"start":{"line":377,"column":14},"end":{"line":379,"column":17}},"167":{"start":{"line":378,"column":16},"end":{"line":378,"column":49}},"168":{"start":{"line":381,"column":14},"end":{"line":381,"column":20}},"169":{"start":{"line":385,"column":16},"end":{"line":385,"column":78}},"170":{"start":{"line":387,"column":16},"end":{"line":389,"column":17}},"171":{"start":{"line":388,"column":18},"end":{"line":388,"column":44}},"172":{"start":{"line":391,"column":16},"end":{"line":409,"column":17}},"173":{"start":{"line":392,"column":18},"end":{"line":392,"column":76}},"174":{"start":{"line":394,"column":18},"end":{"line":394,"column":70}},"175":{"start":{"line":396,"column":18},"end":{"line":402,"column":21}},"176":{"start":{"line":404,"column":18},"end":{"line":404,"column":55}},"177":{"start":{"line":406,"column":18},"end":{"line":408,"column":21}},"178":{"start":{"line":407,"column":20},"end":{"line":407,"column":58}},"179":{"start":{"line":411,"column":16},"end":{"line":411,"column":22}},"180":{"start":{"line":416,"column":16},"end":{"line":422,"column":17}},"181":{"start":{"line":421,"column":18},"end":{"line":421,"column":41}},"182":{"start":{"line":424,"column":16},"end":{"line":424,"column":78}},"183":{"start":{"line":426,"column":16},"end":{"line":442,"column":17}},"184":{"start":{"line":428,"column":18},"end":{"line":438,"column":19}},"185":{"start":{"line":429,"column":20},"end":{"line":429,"column":40}},"186":{"start":{"line":431,"column":20},"end":{"line":431,"column":74}},"187":{"start":{"line":433,"column":20},"end":{"line":437,"column":21}},"188":{"start":{"line":434,"column":22},"end":{"line":434,"column":73}},"189":{"start":{"line":436,"column":22},"end":{"line":436,"column":59}},"190":{"start":{"line":441,"column":18},"end":{"line":441,"column":79}},"191":{"start":{"line":444,"column":16},"end":{"line":449,"column":17}},"192":{"start":{"line":445,"column":18},"end":{"line":445,"column":55}},"193":{"start":{"line":446,"column":18},"end":{"line":446,"column":44}},"194":{"start":{"line":448,"column":18},"end":{"line":448,"column":54}},"195":{"start":{"line":451,"column":16},"end":{"line":451,"column":22}},"196":{"start":{"line":455,"column":10},"end":{"line":455,"column":42}},"197":{"start":{"line":458,"column":6},"end":{"line":460,"column":8}},"198":{"start":{"line":462,"column":6},"end":{"line":478,"column":9}},"199":{"start":{"line":482,"column":2},"end":{"line":482,"column":21}},"200":{"start":{"line":485,"column":0},"end":{"line":538,"column":2}},"201":{"start":{"line":488,"column":4},"end":{"line":488,"column":54}},"202":{"start":{"line":490,"column":4},"end":{"line":492,"column":5}},"203":{"start":{"line":491,"column":6},"end":{"line":491,"column":161}},"204":{"start":{"line":495,"column":4},"end":{"line":495,"column":54}},"205":{"start":{"line":497,"column":4},"end":{"line":499,"column":5}},"206":{"start":{"line":498,"column":6},"end":{"line":498,"column":161}},"207":{"start":{"line":507,"column":4},"end":{"line":507,"column":37}},"208":{"start":{"line":509,"column":4},"end":{"line":511,"column":5}},"209":{"start":{"line":510,"column":6},"end":{"line":510,"column":61}},"210":{"start":{"line":513,"column":4},"end":{"line":515,"column":5}},"211":{"start":{"line":514,"column":6},"end":{"line":514,"column":64}},"212":{"start":{"line":521,"column":4},"end":{"line":521,"column":45}},"213":{"start":{"line":523,"column":4},"end":{"line":525,"column":5}},"214":{"start":{"line":524,"column":6},"end":{"line":524,"column":143}},"215":{"start":{"line":528,"column":4},"end":{"line":528,"column":48}},"216":{"start":{"line":530,"column":4},"end":{"line":532,"column":5}},"217":{"start":{"line":531,"column":6},"end":{"line":531,"column":149}},"218":{"start":{"line":539,"column":0},"end":{"line":548,"column":2}},"219":{"start":{"line":550,"column":0},"end":{"line":705,"column":2}},"220":{"start":{"line":551,"column":2},"end":{"line":551,"column":20}},"221":{"start":{"line":553,"column":2},"end":{"line":573,"column":4}},"222":{"start":{"line":554,"column":4},"end":{"line":554,"column":53}},"223":{"start":{"line":556,"column":4},"end":{"line":557,"column":17}},"224":{"start":{"line":559,"column":4},"end":{"line":572,"column":5}},"225":{"start":{"line":560,"column":6},"end":{"line":563,"column":7}},"226":{"start":{"line":562,"column":8},"end":{"line":562,"column":15}},"227":{"start":{"line":565,"column":6},"end":{"line":569,"column":7}},"228":{"start":{"line":567,"column":8},"end":{"line":567,"column":56}},"229":{"start":{"line":568,"column":8},"end":{"line":568,"column":15}},"230":{"start":{"line":571,"column":6},"end":{"line":571,"column":29}},"231":{"start":{"line":575,"column":2},"end":{"line":579,"column":4}},"232":{"start":{"line":576,"column":4},"end":{"line":578,"column":5}},"233":{"start":{"line":577,"column":6},"end":{"line":577,"column":41}},"234":{"start":{"line":581,"column":2},"end":{"line":586,"column":4}},"235":{"start":{"line":582,"column":4},"end":{"line":583,"column":36}},"236":{"start":{"line":585,"column":4},"end":{"line":585,"column":64}},"237":{"start":{"line":588,"column":2},"end":{"line":590,"column":4}},"238":{"start":{"line":589,"column":4},"end":{"line":589,"column":80}},"239":{"start":{"line":592,"column":2},"end":{"line":594,"column":4}},"240":{"start":{"line":593,"column":4},"end":{"line":593,"column":41}},"241":{"start":{"line":596,"column":2},"end":{"line":601,"column":4}},"242":{"start":{"line":597,"column":4},"end":{"line":597,"column":79}},"243":{"start":{"line":600,"column":4},"end":{"line":600,"column":65}},"244":{"start":{"line":603,"column":2},"end":{"line":619,"column":4}},"245":{"start":{"line":604,"column":4},"end":{"line":607,"column":74}},"246":{"start":{"line":610,"column":4},"end":{"line":610,"column":62}},"247":{"start":{"line":612,"column":4},"end":{"line":616,"column":5}},"248":{"start":{"line":613,"column":6},"end":{"line":613,"column":67}},"249":{"start":{"line":615,"column":6},"end":{"line":615,"column":43}},"250":{"start":{"line":618,"column":4},"end":{"line":618,"column":40}},"251":{"start":{"line":621,"column":2},"end":{"line":655,"column":4}},"252":{"start":{"line":622,"column":4},"end":{"line":624,"column":74}},"253":{"start":{"line":626,"column":4},"end":{"line":628,"column":64}},"254":{"start":{"line":630,"column":4},"end":{"line":630,"column":80}},"255":{"start":{"line":631,"column":4},"end":{"line":631,"column":84}},"256":{"start":{"line":633,"column":4},"end":{"line":633,"column":69}},"257":{"start":{"line":634,"column":4},"end":{"line":640,"column":7}},"258":{"start":{"line":642,"column":4},"end":{"line":644,"column":5}},"259":{"start":{"line":643,"column":6},"end":{"line":643,"column":32}},"260":{"start":{"line":646,"column":4},"end":{"line":650,"column":5}},"261":{"start":{"line":647,"column":6},"end":{"line":647,"column":27}},"262":{"start":{"line":649,"column":6},"end":{"line":649,"column":22}},"263":{"start":{"line":652,"column":4},"end":{"line":654,"column":7}},"264":{"start":{"line":653,"column":6},"end":{"line":653,"column":44}},"265":{"start":{"line":657,"column":2},"end":{"line":676,"column":4}},"266":{"start":{"line":658,"column":4},"end":{"line":660,"column":66}},"267":{"start":{"line":661,"column":4},"end":{"line":662,"column":35}},"268":{"start":{"line":664,"column":4},"end":{"line":664,"column":66}},"269":{"start":{"line":665,"column":4},"end":{"line":665,"column":54}},"270":{"start":{"line":667,"column":4},"end":{"line":673,"column":7}},"271":{"start":{"line":675,"column":4},"end":{"line":675,"column":89}},"272":{"start":{"line":678,"column":2},"end":{"line":680,"column":4}},"273":{"start":{"line":679,
[...]
,"          switch (event.key) {","            case 'ArrowDown':","            case 'ArrowUp':","              if (isCollapsed) {","                if (shouldRenderSuggestions(value)) {","                  onSuggestionsFetchRequested({ value: value });","                  _this2.revealSuggestions();","                }","              } else if (suggestions.length > 0) {","                var newHighlightedSectionIndex = data.newHighlightedSectionIndex,","                    newHighlightedItemIndex = data.newHighlightedItemIndex;","","","                var newValue = void 0;","","                if (newHighlightedItemIndex === null) {","                  // valueBeforeUpDown can be null if, for example, user","                  // hovers on the first suggestion and then pressed Up.","                  // If that happens, use the original input value.","                  newValue = valueBeforeUpDown === null ? value : valueBeforeUpDown;","                } else {","                  newValue = _this2.getSuggestionValueByIndex(newHighlightedSectionIndex, newHighlightedItemIndex);","                }","","                _this2.updateHighlightedSuggestion(newHighlightedSectionIndex, newHighlightedItemIndex, value);","                _this2.maybeCallOnChange(event, newValue, event.key === 'ArrowDown' ? 'down' : 'up');","              }","","              event.preventDefault(); // Prevents the cursor from moving","","              _this2.justPressedUpDown = true;","","              setTimeout(function () {","                _this2.justPressedUpDown = false;","              });","","              break;","","            case 'Enter':","              {","                var highlightedSuggestion = _this2.getHighlightedSuggestion();","","                if (isOpen && !alwaysRenderSuggestions) {","                  _this2.closeSuggestions();","                }","","                if (highlightedSuggestion !== null) {","                  var _newValue = getSuggestionValue(highlightedSuggestion);","","                  _this2.maybeCallOnChange(event, _newValue, 'enter');","","                  _this2.onSuggestionSelected(event, {","                    suggestion: highlightedSuggestion,","                    suggestionValue: _newValue,","                    suggestionIndex: highlightedSuggestionIndex,","                    sectionIndex: highlightedSectionIndex,","                    method: 'enter'","                  });","","                  _this2.justSelectedSuggestion = true;","","                  setTimeout(function () {","                    _this2.justSelectedSuggestion = false;","                  });","                }","","                break;","              }","","            case 'Escape':","              {","                if (isOpen) {","                  // If input.type === 'search', the browser clears the input","                  // when Escape is pressed. We want to disable this default","                  // behaviour so that, when suggestions are shown, we just hide","                  // them, without clearing the input.","                  event.preventDefault();","                }","","                var willCloseSuggestions = isOpen && !alwaysRenderSuggestions;","","                if (valueBeforeUpDown === null) {","                  // Didn't interact with Up/Down","                  if (!willCloseSuggestions) {","                    var _newValue2 = '';","","                    _this2.maybeCallOnChange(event, _newValue2, 'escape');","","                    if (shouldRenderSuggestions(_newValue2)) {","                      onSuggestionsFetchRequested({ value: _newValue2 });","                    } else {","                      _this2.onSuggestionsClearRequested();","                    }","                  }","                } else {","                  // Interacted with Up/Down","                  _this2.maybeCallOnChange(event, valueBeforeUpDown, 'escape');","                }","","                if (willCloseSuggestions) {","                  _this2.onSuggestionsClearRequested();","                  _this2.closeSuggestions();","                } else {","                  _this2.resetHighlightedSuggestion();","                }","","                break;","              }","          }","","          _onKeyDown && _onKeyDown(event);","        }","      });","      var renderSuggestionData = {","        query: this.getQuery()","      };","","      return _react2.default.createElement(_reactAutowhatever2.default, {","        multiSection: multiSection,","        items: items,","        renderInputComponent: renderInputComponent,","        renderItemsContainer: this.renderSuggestionsContainer,","        renderItem: renderSuggestion,","        renderItemData: renderSuggestionData,","        renderSectionTitle: renderSectionTitle,","        getSectionItems: getSectionSuggestions,","        highlightedSectionIndex: highlightedSectionIndex,","        highlightedItemIndex: highlightedSuggestionIndex,","        inputProps: autowhateverInputProps,","        itemProps: this.itemProps,","        theme: (0, _theme.mapToAutowhateverTheme)(theme),","        id: id,","        ref: this.storeAutowhateverRef","      });","    }","  }]);","","  return Autosuggest;","}(_react.Component);","","Autosuggest.propTypes = {","  suggestions: _propTypes2.default.array.isRequired,","  onSuggestionsFetchRequested: function onSuggestionsFetchRequested(props, propName) {","    var onSuggestionsFetchRequested = props[propName];","","    if (typeof onSuggestionsFetchRequested !== 'function') {","      throw new Error('\\'onSuggestionsFetchRequested\\' must be implemented. See: https://github.com/moroshko/react-autosuggest#onSuggestionsFetchRequestedProp');","    }","  },","  onSuggestionsClearRequested: function onSuggestionsClearRequested(props, propName) {","    var onSuggestionsClearRequested = props[propName];","","    if (props.alwaysRenderSuggestions === false && typeof onSuggestionsClearRequested !== 'function') {","      throw new Error('\\'onSuggestionsClearRequested\\' must be implemented. See: https://github.com/moroshko/react-autosuggest#onSuggestionsClearRequestedProp');","    }","  },","  onSuggestionSelected: _propTypes2.default.func,","  renderInputComponent: _propTypes2.default.func,","  renderSuggestionsContainer: _propTypes2.default.func,","  getSuggestionValue: _propTypes2.default.func.isRequired,","  renderSuggestion: _propTypes2.default.func.isRequired,","  inputProps: function inputProps(props, propName) {","    var inputProps = props[propName];","","    if (!inputProps.hasOwnProperty('value')) {","      throw new Error('\\'inputProps\\' must have \\'value\\'.');","    }","","    if (!inputProps.hasOwnProperty('onChange')) {","      throw new Error('\\'inputProps\\' must have \\'onChange\\'.');","    }","  },","  shouldRenderSuggestions: _propTypes2.default.func,","  alwaysRenderSuggestions: _propTypes2.default.bool,","  multiSection: _propTypes2.default.bool,","  renderSectionTitle: function renderSectionTitle(props, propName) {","    var renderSectionTitle = props[propName];","","    if (props.multiSection === true && typeof renderSectionTitle !== 'function') {","      throw new Error('\\'renderSectionTitle\\' must be implemented. See: https://github.com/moroshko/react-autosuggest#renderSectionTitleProp');","    }","  },","  getSectionSuggestions: function getSectionSuggestions(props, propName) {","    var getSectionSuggestions = props[propName];","","    if (props.multiSection === true && typeof getSectionSuggestions !== 'function') {","      throw new Error('\\'getSectionSuggestions\\' must be implemented. See: https://github.com/moroshko/react-autosuggest#getSectionSuggestionsProp');","    }","  },","  focusInputOnSuggestionClick: _propTypes2.default.bool,","  highlightFirstSuggestion: _propTypes2.default.bool,","  theme: _propTypes2.default.object,","  id: _propTypes2.default.string","};","Autosuggest.defaultProps = {","  renderSuggestionsContainer: defaultRenderSuggestionsContainer,","  shouldRenderSuggestions: defaultShouldRenderSuggestions,","  alwaysRenderSuggestions: false,","  multiSection: false,","  focusInputOnSuggestionClick: true,","  highlightFirstSuggestion: false,","  theme: _theme.defaultTheme,","  id: '1'","};","","var _initialiseProps = function _initialiseProps() {","  var _this3 = this;","","  this.onDocumentMouseDown = function (event) {","    _this3.justClickedOnSuggestionsContainer = false;","","    var node = event.detail && event.detail.target || // This is for testing only. Please show me a better way to emulate this.","    event.target;","","    while (node !== null && node !== document) {","      if (node.getAttribute('data-suggestion-index') !== null) {","        // Suggestion was clicked","        return;","      }","","      if (node === _this3.suggestionsContainer) {","        // Something else inside suggestions container was clicked","        _this3.justClickedOnSuggestionsContainer = true;","        return;","      }","","      node = node.parentNode;","    }","  };","","  this.storeAutowhateverRef = function (autowhatever) {","    if (autowhatever !== null) {","      _this3.autowhatever = autowhatever;","    }","  };","","  this.onSuggestionMouseEnter = function (event, _ref3) {","    var sectionIndex = _ref3.sectionIndex,","        itemIndex = _ref3.itemIndex;","","    _this3.updateHighlightedSuggestion(sectionIndex, itemIndex);","  };","","  this.highlightFirstSuggestion = function () {","    _this3.updateHighlightedSuggestion(_this3.props.multiSection ? 0 : null, 0);","  };","","  this.onSuggestionMouseDown = function () {","    _this3.justSelectedSuggestion = true;","  };","","  this.onSuggestionsClearRequested = function () {","    var onSuggestionsClearRequested = _this3.props.onSuggestionsClearRequested;","","","    onSuggestionsClearRequested && onSuggestionsClearRequested();","  };","","  this.onSuggestionSelected = function (event, data) {","    var _props3 = _this3.props,","        alwaysRenderSuggestions = _props3.alwaysRenderSuggestions,","        onSuggestionSelected = _props3.onSuggestionSelected,","        onSuggestionsFetchRequested = _props3.onSuggestionsFetchRequested;","","","    onSuggestionSelected && onSuggestionSelected(event, data);","","    if (alwaysRenderSuggestions) {","      onSuggestionsFetchRequested({ value: data.suggestionValue });","    } else {","      _this3.onSuggestionsClearRequested();","    }","","    _this3.resetHighlightedSuggestion();","  };","","  this.onSuggestionClick = function (event) {","    var _props4 = _this3.props,","        alwaysRenderSuggestions = _props4.alwaysRenderSuggestions,","        focusInputOnSuggestionClick = _props4.focusInputOnSuggestionClick;","","    var _getSuggestionIndices = _this3.getSuggestionIndices(_this3.findSuggestionElement(event.target)),","        sectionIndex = _getSuggestionIndices.sectionIndex,","        suggestionIndex = _getSuggestionIndices.suggestionIndex;","","    var clickedSuggestion = _this3.getSuggestion(sectionIndex, suggestionIndex);","    var clickedSuggestionValue = _this3.props.getSuggestionValue(clickedSuggestion);","","    _this3.maybeCallOnChange(event, clickedSuggestionValue, 'click');","    _this3.onSuggestionSelected(event, {","      suggestion: clickedSuggestion,","      suggestionValue: clickedSuggestionValue,","      suggestionIndex: suggestionIndex,","      sectionIndex: sectionIndex,","      method: 'click'","    });","","    if (!alwaysRenderSuggestions) {","      _this3.closeSuggestions();","    }","","    if (focusInputOnSuggestionClick === true) {","      _this3.input.focus();","    } else {","      _this3.onBlur();","    }","","    setTimeout(function () {","      _this3.justSelectedSuggestion = false;","    });","  };","","  this.onBlur = function () {","    var _props5 = _this3.props,","        inputProps = _props5.inputProps,","        shouldRenderSuggestions = _props5.shouldRenderSuggestions;","    var value = inputProps.value,","        onBlur = inputProps.onBlur;","","    var highlightedSuggestion = _this3.getHighlightedSuggestion();","    var shouldRender = shouldRenderSuggestions(value);","","    _this3.setState({","      isFocused: false,","      highlightedSectionIndex: null,","      highlightedSuggestionIndex: null,","      valueBeforeUpDown: null,","      isCollapsed: !shouldRender","    });","","    onBlur && onBlur(_this3.blurEvent, { highlightedSuggestion: highlightedSuggestion });","  };","","  this.resetHighlightedSuggestionOnMouseLeave = function () {","    _this3.resetHighlightedSuggestion(false); // shouldResetValueBeforeUpDown","  };","","  this.itemProps = function (_ref4) {","    var sectionIndex = _ref4.sectionIndex,","        itemIndex = _ref4.itemIndex;","","    return {","      'data-section-index': sectionIndex,","      'data-suggestion-index': itemIndex,","      onMouseEnter: _this3.onSuggestionMouseEnter,","      onMouseLeave: _this3.resetHighlightedSuggestionOnMouseLeave,","      onMouseDown: _this3.onSuggestionMouseDown,","      onTouchStart: _this3.onSuggestionMouseDown, // Because on iOS `onMouseDown` is not triggered","      onClick: _this3.onSuggestionClick","    };","  };","","  this.renderSuggestionsContainer = function (_ref5) {","    var containerProps = _ref5.containerProps,","        children = _ref5.children;","    var renderSuggestionsContainer = _this3.props.renderSuggestionsContainer;","","","    return renderSuggestionsContainer({ containerProps: containerProps, children: children, query: _this3.getQuery() });","  };","};","","exports.default = Autosuggest;"],"l":{"3":1,"7":1,"9":16,"11":1,"13":1,"15":1,"17":1,"19":1,"21":1,"23":1,"25":1,"27":1,"29":4,"31":1,"33":1,"35":1,"37":1,"38":0,"40":1,"41":0,"43":1,"44":0,"46":0,"53":1,"54":1,"56":1,"57":0,"59":0,"61":0,"63":0,"65":0,"73":0,"74":0,"77":1,"80":0,"82":0,"83":0,"88":0,"89":0,"90":0,"93":0,"94":0,"95":0,"98":0,"99":0,"102":0,"109":0,"114":0,"115":0,"118":0,"119":0,"120":0,"121":0,"124":0,"134":0,"136":0,"137":0,"140":0,"150":0,"157":0,"167":0,"173":0,"174":0,"177":0,"182":0,"187":0,"188":0,"191":0,"196":0,"199":0,"204":0,"205":0,"207":0,"215":0,"217":0,"218":0,"219":0,"222":0,"225":0,"226":0,"231":0,"236":0,"237":0,"243":0,"246":0,"249":0,"254":0,"255":0,"256":0,"259":0,"264":0,"266":0,"279":0,"286":0,"287":0,"291":0,"292":0,"293":0,"294":0,"296":0,"297":0,"299":0,"304":0,"306":0,"307":0,"312":0,"313":0,"314":0,"317":0,"319":0,"320":0,"321":0,"325":0,"327":0,"329":0,"331":0,"338":0,"339":0,"341":0,"345":0,"348":0,"349":0,"350":0,"351":0,"353":0,"354":0,"358":0,"360":0,"364":0,"366":0,"369":0,"370":0,"373":0,"375":0,"377":0,"378":0,"381":0,"385":0,"387":0,"388":0,"391":0,"392":0,"394":0,"396":0,"404":0,"406":0,"407":0,"411":0,"416":0,"421":0,"424":0,"426":0,"428":0,"429":0,"431":0,"433":0,"434":0,"436":0,"441":0,"444":0,"445":0,"446":0,"448":0,"451":0,"455":0,"458":0,"462":0,"482":1,"485":1,"488":0,"490":0,"491":0,"495":0,"497":0,"498":0,"507":0,"509":0,"510":0,"513":0,"514":0,"521":0,"523":0,"524":0,"528":0,"530":0,"531":0,"539":1,"550":1,"551":0,"553":0,"554":0,"556":0,"559":0,"560":0,"562":0,"565":0,"567":0,"568":0,"571":0,"575":0,"576":0,"577":0,"581":0,"582":0,"585":0,"588":0,"589":0,"592":0,"593":0,"596":0,"597":0,"600":0,"603":0,"604":0,"610":0,"612":0,"613":0,"615":0,"618":0,"621":0,"622":0,"626":0,"630":0,"631":0,"633":0,"634":0,"642":0,"643":0,"646":0,"647":0,"649":0,"652":0,"653":0,"657":0,"658":0,"661":0,"664":0,"665":0,"667":0,"675":0,"678":0,"679":0,"682":0,"683":0,"686":0,"697":0,"698":0,"700":0,"703":0,"707":1}},"/home/travis/build/npmtest/node-npmtest-react-autosuggest/node_modules/react-autosuggest/dist/theme.js":{"path":"/home/travis/build/npmtest/node-npmtest-react-autosuggest/node_modules/react-autosuggest/dist/theme.js","s":{"1":1,"2":1,"3":1,"4":0,"5":0,"6":0,"7":0,"8":0,"9":0,"10":0,"11":0,"12":0,"13":0,"14":0,"15":0,"16":0,"17":0,"18":0,"19":0,"20":0},"b":{"1":[0,0,0,0,0,0,0]},"f":{"1":0},"fnMap":{"1":{"name":"mapToAutowhateverTheme","line":23,"loc":{"start":{"line":23,"column":62},"end":{"line":23,"column":101}}}},"statementMap":{"1":{"start":{"line":3,"column":0},"end":{"line":5,"column":3}},"2":{"start":{"line":6,"column":0},"end":{"line":21,"column":2}},"3":{"start":{"line":23,"column":0},"end":{"line":58,"column":2}},"4":{"start":{"line":24,"column":2},"end":{"line":24,"column":18}},"5":{"start":{"line":26,"column":2},"end":{"line":55,"column":3}},"6":{"start":{"line":27,"column":4},"end":{"line":54,"column":5}},"7":{"start":{"line":29,"column":8},"end":{"line":29,"column":46}},"8":{"start":{"line":30,"column":8},"end":{"line":30,"column":14}},"9":{"start":{"line":33,"column":8},"end":{"line":33,"column":50}},"10":{"start":{"line":34,"column":8},"end":{"line":34,"column":14}},"11":{"start":{"line":37,"column":8},"end":{"line":37,"column":36}},"12":{"start":{"line":38,"column":8},"end":{"line":38,"column":14}},"13":{"start":{"line":41,"column":8},"end":{"line":41,"column":41}},"14":{"start":{"line":42,"column":8},"end":{"line":42,"column":14}},"15":{"start":{"line":45,"column":8},"end":{"line":45,"column":47}},"16":{"start":{"line":46,"column":8},"end":{"line":46,"column":14}},"17":{"start":{"line":49,"column":8},"end":{"line":49,"column":41}},"18":{"start":{"line":50,"column":8},"end":{"line":50,"column":14}},"19":{"start":{"line":53,"column":8},"end":{"line":53,"column":33}},"20":{"start":{"line":57,"column":2},"end":{"line":57,"column":16}}},"branchMap":{"1":{"line":27,"type":"switch","locations":[{"start":{"line":28,"column":6},"end":{"line":30,"column":14}},{"start":{"line":32,"column":6},"end":{"line":34,"column":14}},{"start":{"line":36,"column":6},"end":{"line":38,"column":14}},{"start":{"line":40,"column":6},"end":{"line":42,"column":14}},{"start":{"line":44,"column":6},"end":{"line":46,"column":14}},{"start":{"line":48,"column":6},"end":{"line":50,"column":14}},{"start":{"line":52,"column":6},"end":{"line":53,"column":33}}]}},"code":["'use strict';","","Object.defineProperty(exports, \"__esModule\", {","  value: true","});","var defaultTheme = exports.defaultTheme = {","  container: 'react-autosuggest__container',","  containerOpen: 'react-autosuggest__container--open',","  input: 'react-autosuggest__input',","  inputOpen: 'react-autosuggest__input--open',","  inputFocused: 'react-autosuggest__input--focused',","  suggestionsContainer: 'react-autosuggest__suggestions-container',","  suggestionsContainerOpen: 'react-autosuggest__suggestions-container--open',","  suggestionsList: 'react-autosuggest__suggestions-list',","  suggestion: 'react-autosuggest__suggestion',","  suggestionFirst: 'react-autosuggest__suggestion--first',","  suggestionHighlighted: 'react-autosuggest__suggestion--highlighted',","  sectionContainer: 'react-autosuggest__section-container',","  sectionContainerFirst: 'react-autosuggest__section-container--first',","  sectionTitle: 'react-autosuggest__section-title'","};","","var mapToAutowhateverTheme = exports.mapToAutowhateverTheme = function mapToAutowhateverTheme(theme) {","  var result = {};","","  for (var key in theme) {","    switch (key) {","      case 'suggestionsContainer':","        result['itemsContainer'] = theme[key];","        break;","","      case 'suggestionsContainerOpen':","        result['itemsContainerOpen'] = theme[key];","        break;","","      case 'suggestion':","        result['item'] = theme[key];","        break;","","      case 'suggestionFirst':","        result['itemFirst'] = theme[key];","        break;","","      case 'suggestionHighlighted':","        result['itemHighlighted'] = theme[key];","        break;","","      case 'suggestionsList':","        result['itemsList'] = theme[key];","        break;","","      default:","        result[key] = theme[key];","    }","  }","","  return result;","};"],"l":{"3":1,"6":1,"23":1,"24":0,"26":0,"27":0,"29":0,"30":0,"33":0,"34":0,"37":0,"38":0,"41":0,"42":0,"45":0,"46":0,"49":0,"50":0,"53":0,"57":0}}}